[0.038s] Invoking command in '/home/jesvin/robot_pick_place_project/ros2_ws/build/robot_pick_place_description': CMAKE_PREFIX_PATH=${CMAKE_PREFIX_PATH}:/home/jesvin/robot_pick_place_project/ros2_ws/install/robot_pick_place_bringup:/home/jesvin/ws_moveit/install/moveit_configs_utils:/opt/ros/jazzy DEBUGINFOD_URLS=https://debuginfod.ubuntu.com /usr/bin/cmake /home/jesvin/robot_pick_place_project/ros2_ws/src/robot_pick_place_description -DCMAKE_INSTALL_PREFIX=/home/jesvin/robot_pick_place_project/ros2_ws/install/robot_pick_place_description
[1.517s] -- The C compiler identification is GNU 13.3.0
[2.117s] -- The CXX compiler identification is GNU 13.3.0
[2.292s] -- Detecting C compiler ABI info
[2.641s] -- Detecting C compiler ABI info - done
[2.650s] -- Check for working C compiler: /usr/bin/cc - skipped
[2.651s] -- Detecting C compile features
[2.652s] -- Detecting C compile features - done
[2.693s] -- Detecting CXX compiler ABI info
[2.835s] -- Detecting CXX compiler ABI info - done
[2.844s] -- Check for working CXX compiler: /usr/bin/c++ - skipped
[2.844s] -- Detecting CXX compile features
[2.845s] -- Detecting CXX compile features - done
[2.981s] -- Found ament_cmake: 2.5.5 (/opt/ros/jazzy/share/ament_cmake/cmake)
[3.331s] -- Found Python3: /usr/bin/python3 (found version "3.12.3") found components: Interpreter 
[3.785s] -- Configuring done (3.4s)
[3.790s] -- Generating done (0.0s)
[3.812s] -- Build files have been written to: /home/jesvin/robot_pick_place_project/ros2_ws/build/robot_pick_place_description
[3.818s] Invoked command in '/home/jesvin/robot_pick_place_project/ros2_ws/build/robot_pick_place_description' returned '0': CMAKE_PREFIX_PATH=${CMAKE_PREFIX_PATH}:/home/jesvin/robot_pick_place_project/ros2_ws/install/robot_pick_place_bringup:/home/jesvin/ws_moveit/install/moveit_configs_utils:/opt/ros/jazzy DEBUGINFOD_URLS=https://debuginfod.ubuntu.com /usr/bin/cmake /home/jesvin/robot_pick_place_project/ros2_ws/src/robot_pick_place_description -DCMAKE_INSTALL_PREFIX=/home/jesvin/robot_pick_place_project/ros2_ws/install/robot_pick_place_description
[3.820s] Invoking command in '/home/jesvin/robot_pick_place_project/ros2_ws/build/robot_pick_place_description': CMAKE_PREFIX_PATH=${CMAKE_PREFIX_PATH}:/home/jesvin/robot_pick_place_project/ros2_ws/install/robot_pick_place_bringup:/home/jesvin/ws_moveit/install/moveit_configs_utils:/opt/ros/jazzy DEBUGINFOD_URLS=https://debuginfod.ubuntu.com /usr/bin/cmake --build /home/jesvin/robot_pick_place_project/ros2_ws/build/robot_pick_place_description -- -j8 -l8
[3.869s] Invoked command in '/home/jesvin/robot_pick_place_project/ros2_ws/build/robot_pick_place_description' returned '0': CMAKE_PREFIX_PATH=${CMAKE_PREFIX_PATH}:/home/jesvin/robot_pick_place_project/ros2_ws/install/robot_pick_place_bringup:/home/jesvin/ws_moveit/install/moveit_configs_utils:/opt/ros/jazzy DEBUGINFOD_URLS=https://debuginfod.ubuntu.com /usr/bin/cmake --build /home/jesvin/robot_pick_place_project/ros2_ws/build/robot_pick_place_description -- -j8 -l8
[3.881s] Invoking command in '/home/jesvin/robot_pick_place_project/ros2_ws/build/robot_pick_place_description': CMAKE_PREFIX_PATH=${CMAKE_PREFIX_PATH}:/home/jesvin/robot_pick_place_project/ros2_ws/install/robot_pick_place_bringup:/home/jesvin/ws_moveit/install/moveit_configs_utils:/opt/ros/jazzy DEBUGINFOD_URLS=https://debuginfod.ubuntu.com /usr/bin/cmake --install /home/jesvin/robot_pick_place_project/ros2_ws/build/robot_pick_place_description
[3.891s] -- Install configuration: ""
[3.892s] -- Installing: /home/jesvin/robot_pick_place_project/ros2_ws/install/robot_pick_place_description/share/robot_pick_place_description/urdf
[3.892s] -- Installing: /home/jesvin/robot_pick_place_project/ros2_ws/install/robot_pick_place_description/share/robot_pick_place_description/urdf/onrobot_gripper.urdf.xacro
[3.892s] -- Installing: /home/jesvin/robot_pick_place_project/ros2_ws/install/robot_pick_place_description/share/robot_pick_place_description/urdf/onrobot_gripper_exact.urdf.xacro
[3.892s] -- Installing: /home/jesvin/robot_pick_place_project/ros2_ws/install/robot_pick_place_description/share/robot_pick_place_description/meshes
[3.892s] -- Installing: /home/jesvin/robot_pick_place_project/ros2_ws/install/robot_pick_place_description/share/robot_pick_place_description/meshes/gripper_exact
[3.892s] -- Installing: /home/jesvin/robot_pick_place_project/ros2_ws/install/robot_pick_place_description/share/robot_pick_place_description/meshes/gripper_exact/r_out.stl
[3.892s] -- Installing: /home/jesvin/robot_pick_place_project/ros2_ws/install/robot_pick_place_description/share/robot_pick_place_description/meshes/gripper_exact/base_link.stl
[3.893s] -- Installing: /home/jesvin/robot_pick_place_project/ros2_ws/install/robot_pick_place_description/share/robot_pick_place_description/meshes/gripper_exact/l_tip.stl
[3.910s] -- Installing: /home/jesvin/robot_pick_place_project/ros2_ws/install/robot_pick_place_description/share/robot_pick_place_description/meshes/gripper_exact/r_tip.stl
[3.916s] -- Installing: /home/jesvin/robot_pick_place_project/ros2_ws/install/robot_pick_place_description/share/robot_pick_place_description/meshes/gripper_exact/r_inner.stl
[3.927s] -- Installing: /home/jesvin/robot_pick_place_project/ros2_ws/install/robot_pick_place_description/share/robot_pick_place_description/meshes/gripper_exact/r_inner_tip.stl
[3.927s] -- Installing: /home/jesvin/robot_pick_place_project/ros2_ws/install/robot_pick_place_description/share/robot_pick_place_description/meshes/gripper_exact/l_inner_tip.stl
[3.927s] -- Installing: /home/jesvin/robot_pick_place_project/ros2_ws/install/robot_pick_place_description/share/robot_pick_place_description/meshes/gripper_exact/l_out.stl
[3.928s] -- Installing: /home/jesvin/robot_pick_place_project/ros2_ws/install/robot_pick_place_description/share/robot_pick_place_description/meshes/gripper_exact/g_main.stl
[3.928s] -- Installing: /home/jesvin/robot_pick_place_project/ros2_ws/install/robot_pick_place_description/share/robot_pick_place_description/meshes/gripper_exact/l_inner.stl
[3.945s] -- Installing: /home/jesvin/robot_pick_place_project/ros2_ws/install/robot_pick_place_description/share/robot_pick_place_description/launch
[3.946s] -- Installing: /home/jesvin/robot_pick_place_project/ros2_ws/install/robot_pick_place_description/share/robot_pick_place_description/launch/display_gripper_exact.launch.py
[3.946s] -- Installing: /home/jesvin/robot_pick_place_project/ros2_ws/install/robot_pick_place_description/share/robot_pick_place_description/launch/display_gripper.launch.py
[3.946s] -- Installing: /home/jesvin/robot_pick_place_project/ros2_ws/install/robot_pick_place_description/share/robot_pick_place_description/config
[3.946s] -- Installing: /home/jesvin/robot_pick_place_project/ros2_ws/install/robot_pick_place_description/share/robot_pick_place_description/config/gripper.rviz
[3.965s] -- Installing: /home/jesvin/robot_pick_place_project/ros2_ws/install/robot_pick_place_description/share/robot_pick_place_description/config/gripper_exact.rviz
[3.983s] -- Installing: /home/jesvin/robot_pick_place_project/ros2_ws/install/robot_pick_place_description/share/ament_index/resource_index/package_run_dependencies/robot_pick_place_description
[3.983s] -- Installing: /home/jesvin/robot_pick_place_project/ros2_ws/install/robot_pick_place_description/share/ament_index/resource_index/parent_prefix_path/robot_pick_place_description
[3.983s] -- Installing: /home/jesvin/robot_pick_place_project/ros2_ws/install/robot_pick_place_description/share/robot_pick_place_description/environment/ament_prefix_path.sh
[3.984s] -- Installing: /home/jesvin/robot_pick_place_project/ros2_ws/install/robot_pick_place_description/share/robot_pick_place_description/environment/ament_prefix_path.dsv
[3.984s] -- Installing: /home/jesvin/robot_pick_place_project/ros2_ws/install/robot_pick_place_description/share/robot_pick_place_description/environment/path.sh
[3.984s] -- Installing: /home/jesvin/robot_pick_place_project/ros2_ws/install/robot_pick_place_description/share/robot_pick_place_description/environment/path.dsv
[3.985s] -- Installing: /home/jesvin/robot_pick_place_project/ros2_ws/install/robot_pick_place_description/share/robot_pick_place_description/local_setup.bash
[3.985s] -- Installing: /home/jesvin/robot_pick_place_project/ros2_ws/install/robot_pick_place_description/share/robot_pick_place_description/local_setup.sh
[3.985s] -- Installing: /home/jesvin/robot_pick_place_project/ros2_ws/install/robot_pick_place_description/share/robot_pick_place_description/local_setup.zsh
[3.985s] -- Installing: /home/jesvin/robot_pick_place_project/ros2_ws/install/robot_pick_place_description/share/robot_pick_place_description/local_setup.dsv
[3.985s] -- Installing: /home/jesvin/robot_pick_place_project/ros2_ws/install/robot_pick_place_description/share/robot_pick_place_description/package.dsv
[3.986s] -- Installing: /home/jesvin/robot_pick_place_project/ros2_ws/install/robot_pick_place_description/share/ament_index/resource_index/packages/robot_pick_place_description
[3.986s] -- Installing: /home/jesvin/robot_pick_place_project/ros2_ws/install/robot_pick_place_description/share/robot_pick_place_description/cmake/robot_pick_place_descriptionConfig.cmake
[3.986s] -- Installing: /home/jesvin/robot_pick_place_project/ros2_ws/install/robot_pick_place_description/share/robot_pick_place_description/cmake/robot_pick_place_descriptionConfig-version.cmake
[3.986s] -- Installing: /home/jesvin/robot_pick_place_project/ros2_ws/install/robot_pick_place_description/share/robot_pick_place_description/package.xml
[3.989s] Invoked command in '/home/jesvin/robot_pick_place_project/ros2_ws/build/robot_pick_place_description' returned '0': CMAKE_PREFIX_PATH=${CMAKE_PREFIX_PATH}:/home/jesvin/robot_pick_place_project/ros2_ws/install/robot_pick_place_bringup:/home/jesvin/ws_moveit/install/moveit_configs_utils:/opt/ros/jazzy DEBUGINFOD_URLS=https://debuginfod.ubuntu.com /usr/bin/cmake --install /home/jesvin/robot_pick_place_project/ros2_ws/build/robot_pick_place_description
