running egg_info
creating ../build/robot_pick_place_bringup/robot_pick_place_bringup.egg-info
writing ../build/robot_pick_place_bringup/robot_pick_place_bringup.egg-info/PKG-INFO
writing dependency_links to ../build/robot_pick_place_bringup/robot_pick_place_bringup.egg-info/dependency_links.txt
writing requirements to ../build/robot_pick_place_bringup/robot_pick_place_bringup.egg-info/requires.txt
writing top-level names to ../build/robot_pick_place_bringup/robot_pick_place_bringup.egg-info/top_level.txt
writing manifest file '../build/robot_pick_place_bringup/robot_pick_place_bringup.egg-info/SOURCES.txt'
reading manifest file '../build/robot_pick_place_bringup/robot_pick_place_bringup.egg-info/SOURCES.txt'
writing manifest file '../build/robot_pick_place_bringup/robot_pick_place_bringup.egg-info/SOURCES.txt'
running build
running build_py
creating /home/jesvin/robot_pick_place_project/ros2_ws/src/build/robot_pick_place_bringup/build
creating /home/jesvin/robot_pick_place_project/ros2_ws/src/build/robot_pick_place_bringup/build/lib
creating /home/jesvin/robot_pick_place_project/ros2_ws/src/build/robot_pick_place_bringup/build/lib/robot_pick_place_bringup
copying robot_pick_place_bringup/__init__.py -> /home/jesvin/robot_pick_place_project/ros2_ws/src/build/robot_pick_place_bringup/build/lib/robot_pick_place_bringup
running install
running install_lib
creating /home/jesvin/robot_pick_place_project/ros2_ws/src/install/robot_pick_place_bringup/lib/python3.12/site-packages/robot_pick_place_bringup
copying /home/jesvin/robot_pick_place_project/ros2_ws/src/build/robot_pick_place_bringup/build/lib/robot_pick_place_bringup/__init__.py -> /home/jesvin/robot_pick_place_project/ros2_ws/src/install/robot_pick_place_bringup/lib/python3.12/site-packages/robot_pick_place_bringup
byte-compiling /home/jesvin/robot_pick_place_project/ros2_ws/src/install/robot_pick_place_bringup/lib/python3.12/site-packages/robot_pick_place_bringup/__init__.py to __init__.cpython-312.pyc
running install_data
creating /home/jesvin/robot_pick_place_project/ros2_ws/src/install/robot_pick_place_bringup/share/ament_index
creating /home/jesvin/robot_pick_place_project/ros2_ws/src/install/robot_pick_place_bringup/share/ament_index/resource_index
creating /home/jesvin/robot_pick_place_project/ros2_ws/src/install/robot_pick_place_bringup/share/ament_index/resource_index/packages
copying resource/robot_pick_place_bringup -> /home/jesvin/robot_pick_place_project/ros2_ws/src/install/robot_pick_place_bringup/share/ament_index/resource_index/packages
copying package.xml -> /home/jesvin/robot_pick_place_project/ros2_ws/src/install/robot_pick_place_bringup/share/robot_pick_place_bringup
creating /home/jesvin/robot_pick_place_project/ros2_ws/src/install/robot_pick_place_bringup/share/robot_pick_place_bringup/launch
copying launch/ur5e_workstation.launch.py -> /home/jesvin/robot_pick_place_project/ros2_ws/src/install/robot_pick_place_bringup/share/robot_pick_place_bringup/launch
creating /home/jesvin/robot_pick_place_project/ros2_ws/src/install/robot_pick_place_bringup/share/robot_pick_place_bringup/urdf
copying urdf/ur5e_with_gripper.urdf.xacro -> /home/jesvin/robot_pick_place_project/ros2_ws/src/install/robot_pick_place_bringup/share/robot_pick_place_bringup/urdf
running install_egg_info
Copying ../build/robot_pick_place_bringup/robot_pick_place_bringup.egg-info to /home/jesvin/robot_pick_place_project/ros2_ws/src/install/robot_pick_place_bringup/lib/python3.12/site-packages/robot_pick_place_bringup-0.0.0-py3.12.egg-info
running install_scripts
writing list of installed files to '/home/jesvin/robot_pick_place_project/ros2_ws/src/build/robot_pick_place_bringup/install.log'
