[0.072s] Invoking command in '/home/jesvin/robot_pick_place_project/ros2_ws/build/ur_description': CMAKE_PREFIX_PATH=${CMAKE_PREFIX_PATH}:/home/jesvin/robot_pick_place_project/ros2_ws/install/robot_pick_place_bringup:/home/jesvin/ws_moveit/install/moveit_configs_utils:/opt/ros/jazzy DEBUGINFOD_URLS=https://debuginfod.ubuntu.com /usr/bin/cmake /home/jesvin/robot_pick_place_project/ros2_ws/Universal_Robots_ROS2_Description -DCMAKE_INSTALL_PREFIX=/home/jesvin/robot_pick_place_project/ros2_ws/install/ur_description
[1.573s] -- The C compiler identification is GNU 13.3.0
[2.174s] -- The CXX compiler identification is GNU 13.3.0
[2.349s] -- Detecting C compiler ABI info
[2.699s] -- Detecting C compiler ABI info - done
[2.707s] -- Check for working C compiler: /usr/bin/cc - skipped
[2.708s] -- Detecting C compile features
[2.708s] -- Detecting C compile features - done
[2.750s] -- Detecting CXX compiler ABI info
[2.891s] -- Detecting CXX compiler ABI info - done
[2.901s] -- Check for working CXX compiler: /usr/bin/c++ - skipped
[2.901s] -- Detecting CXX compile features
[2.902s] -- Detecting CXX compile features - done
[3.039s] -- Found ament_cmake: 2.5.5 (/opt/ros/jazzy/share/ament_cmake/cmake)
[3.388s] -- Found Python3: /usr/bin/python3 (found version "3.12.3") found components: Interpreter 
[3.731s] -- Found ament_cmake_pytest: 2.5.5 (/opt/ros/jazzy/share/ament_cmake_pytest/cmake)
[5.471s] -- Configuring done (5.0s)
[5.474s] -- Generating done (0.0s)
[5.475s] -- Build files have been written to: /home/jesvin/robot_pick_place_project/ros2_ws/build/ur_description
[5.480s] Invoked command in '/home/jesvin/robot_pick_place_project/ros2_ws/build/ur_description' returned '0': CMAKE_PREFIX_PATH=${CMAKE_PREFIX_PATH}:/home/jesvin/robot_pick_place_project/ros2_ws/install/robot_pick_place_bringup:/home/jesvin/ws_moveit/install/moveit_configs_utils:/opt/ros/jazzy DEBUGINFOD_URLS=https://debuginfod.ubuntu.com /usr/bin/cmake /home/jesvin/robot_pick_place_project/ros2_ws/Universal_Robots_ROS2_Description -DCMAKE_INSTALL_PREFIX=/home/jesvin/robot_pick_place_project/ros2_ws/install/ur_description
[5.481s] Invoking command in '/home/jesvin/robot_pick_place_project/ros2_ws/build/ur_description': CMAKE_PREFIX_PATH=${CMAKE_PREFIX_PATH}:/home/jesvin/robot_pick_place_project/ros2_ws/install/robot_pick_place_bringup:/home/jesvin/ws_moveit/install/moveit_configs_utils:/opt/ros/jazzy DEBUGINFOD_URLS=https://debuginfod.ubuntu.com /usr/bin/cmake --build /home/jesvin/robot_pick_place_project/ros2_ws/build/ur_description -- -j8 -l8
[5.534s] Invoked command in '/home/jesvin/robot_pick_place_project/ros2_ws/build/ur_description' returned '0': CMAKE_PREFIX_PATH=${CMAKE_PREFIX_PATH}:/home/jesvin/robot_pick_place_project/ros2_ws/install/robot_pick_place_bringup:/home/jesvin/ws_moveit/install/moveit_configs_utils:/opt/ros/jazzy DEBUGINFOD_URLS=https://debuginfod.ubuntu.com /usr/bin/cmake --build /home/jesvin/robot_pick_place_project/ros2_ws/build/ur_description -- -j8 -l8
[5.535s] Invoking command in '/home/jesvin/robot_pick_place_project/ros2_ws/build/ur_description': CMAKE_PREFIX_PATH=${CMAKE_PREFIX_PATH}:/home/jesvin/robot_pick_place_project/ros2_ws/install/robot_pick_place_bringup:/home/jesvin/ws_moveit/install/moveit_configs_utils:/opt/ros/jazzy DEBUGINFOD_URLS=https://debuginfod.ubuntu.com /usr/bin/cmake --install /home/jesvin/robot_pick_place_project/ros2_ws/build/ur_description
[5.546s] -- Install configuration: ""
[5.547s] -- Installing: /home/jesvin/robot_pick_place_project/ros2_ws/install/ur_description/share/ur_description/config
[5.547s] -- Installing: /home/jesvin/robot_pick_place_project/ros2_ws/install/ur_description/share/ur_description/config/ur10
[5.554s] -- Installing: /home/jesvin/robot_pick_place_project/ros2_ws/install/ur_description/share/ur_description/config/ur10/default_kinematics.yaml
[5.560s] -- Installing: /home/jesvin/robot_pick_place_project/ros2_ws/install/ur_description/share/ur_description/config/ur10/visual_parameters.yaml
[5.560s] -- Installing: /home/jesvin/robot_pick_place_project/ros2_ws/install/ur_description/share/ur_description/config/ur10/physical_parameters.yaml
[5.560s] -- Installing: /home/jesvin/robot_pick_place_project/ros2_ws/install/ur_description/share/ur_description/config/ur10/joint_limits.yaml
[5.561s] -- Installing: /home/jesvin/robot_pick_place_project/ros2_ws/install/ur_description/share/ur_description/config/ur5e
[5.561s] -- Installing: /home/jesvin/robot_pick_place_project/ros2_ws/install/ur_description/share/ur_description/config/ur5e/default_kinematics.yaml
[5.561s] -- Installing: /home/jesvin/robot_pick_place_project/ros2_ws/install/ur_description/share/ur_description/config/ur5e/visual_parameters.yaml
[5.561s] -- Installing: /home/jesvin/robot_pick_place_project/ros2_ws/install/ur_description/share/ur_description/config/ur5e/physical_parameters.yaml
[5.561s] -- Installing: /home/jesvin/robot_pick_place_project/ros2_ws/install/ur_description/share/ur_description/config/ur5e/joint_limits.yaml
[5.561s] -- Installing: /home/jesvin/robot_pick_place_project/ros2_ws/install/ur_description/share/ur_description/config/ur5
[5.561s] -- Installing: /home/jesvin/robot_pick_place_project/ros2_ws/install/ur_description/share/ur_description/config/ur5/default_kinematics.yaml
[5.562s] -- Installing: /home/jesvin/robot_pick_place_project/ros2_ws/install/ur_description/share/ur_description/config/ur5/visual_parameters.yaml
[5.562s] -- Installing: /home/jesvin/robot_pick_place_project/ros2_ws/install/ur_description/share/ur_description/config/ur5/physical_parameters.yaml
[5.563s] -- Installing: /home/jesvin/robot_pick_place_project/ros2_ws/install/ur_description/share/ur_description/config/ur5/joint_limits.yaml
[5.563s] -- Installing: /home/jesvin/robot_pick_place_project/ros2_ws/install/ur_description/share/ur_description/config/ur12e
[5.563s] -- Installing: /home/jesvin/robot_pick_place_project/ros2_ws/install/ur_description/share/ur_description/config/ur12e/default_kinematics.yaml
[5.564s] -- Installing: /home/jesvin/robot_pick_place_project/ros2_ws/install/ur_description/share/ur_description/config/ur12e/visual_parameters.yaml
[5.564s] -- Installing: /home/jesvin/robot_pick_place_project/ros2_ws/install/ur_description/share/ur_description/config/ur12e/physical_parameters.yaml
[5.564s] -- Installing: /home/jesvin/robot_pick_place_project/ros2_ws/install/ur_description/share/ur_description/config/ur12e/joint_limits.yaml
[5.564s] -- Installing: /home/jesvin/robot_pick_place_project/ros2_ws/install/ur_description/share/ur_description/config/ur3e
[5.565s] -- Installing: /home/jesvin/robot_pick_place_project/ros2_ws/install/ur_description/share/ur_description/config/ur3e/default_kinematics.yaml
[5.565s] -- Installing: /home/jesvin/robot_pick_place_project/ros2_ws/install/ur_description/share/ur_description/config/ur3e/visual_parameters.yaml
[5.565s] -- Installing: /home/jesvin/robot_pick_place_project/ros2_ws/install/ur_description/share/ur_description/config/ur3e/physical_parameters.yaml
[5.566s] -- Installing: /home/jesvin/robot_pick_place_project/ros2_ws/install/ur_description/share/ur_description/config/ur3e/joint_limits.yaml
[5.566s] -- Installing: /home/jesvin/robot_pick_place_project/ros2_ws/install/ur_description/share/ur_description/config/ur18
[5.566s] -- Installing: /home/jesvin/robot_pick_place_project/ros2_ws/install/ur_description/share/ur_description/config/ur18/default_kinematics.yaml
[5.567s] -- Installing: /home/jesvin/robot_pick_place_project/ros2_ws/install/ur_description/share/ur_description/config/ur18/visual_parameters.yaml
[5.567s] -- Installing: /home/jesvin/robot_pick_place_project/ros2_ws/install/ur_description/share/ur_description/config/ur18/physical_parameters.yaml
[5.567s] -- Installing: /home/jesvin/robot_pick_place_project/ros2_ws/install/ur_description/share/ur_description/config/ur18/joint_limits.yaml
[5.568s] -- Installing: /home/jesvin/robot_pick_place_project/ros2_ws/install/ur_description/share/ur_description/config/ur7e
[5.568s] -- Installing: /home/jesvin/robot_pick_place_project/ros2_ws/install/ur_description/share/ur_description/config/ur7e/default_kinematics.yaml
[5.568s] -- Installing: /home/jesvin/robot_pick_place_project/ros2_ws/install/ur_description/share/ur_description/config/ur7e/visual_parameters.yaml
[5.569s] -- Installing: /home/jesvin/robot_pick_place_project/ros2_ws/install/ur_description/share/ur_description/config/ur7e/physical_parameters.yaml
[5.569s] -- Installing: /home/jesvin/robot_pick_place_project/ros2_ws/install/ur_description/share/ur_description/config/ur7e/joint_limits.yaml
[5.569s] -- Installing: /home/jesvin/robot_pick_place_project/ros2_ws/install/ur_description/share/ur_description/config/ur8long
[5.570s] -- Installing: /home/jesvin/robot_pick_place_project/ros2_ws/install/ur_description/share/ur_description/config/ur8long/default_kinematics.yaml
[5.570s] -- Installing: /home/jesvin/robot_pick_place_project/ros2_ws/install/ur_description/share/ur_description/config/ur8long/visual_parameters.yaml
[5.570s] -- Installing: /home/jesvin/robot_pick_place_project/ros2_ws/install/ur_description/share/ur_description/config/ur8long/physical_parameters.yaml
[5.571s] -- Installing: /home/jesvin/robot_pick_place_project/ros2_ws/install/ur_description/share/ur_description/config/ur8long/joint_limits.yaml
[5.571s] -- Installing: /home/jesvin/robot_pick_place_project/ros2_ws/install/ur_description/share/ur_description/config/ur30
[5.571s] -- Installing: /home/jesvin/robot_pick_place_project/ros2_ws/install/ur_description/share/ur_description/config/ur30/default_kinematics.yaml
[5.572s] -- Installing: /home/jesvin/robot_pick_place_project/ros2_ws/install/ur_description/share/ur_description/config/ur30/visual_parameters.yaml
[5.572s] -- Installing: /home/jesvin/robot_pick_place_project/ros2_ws/install/ur_description/share/ur_description/config/ur30/physical_parameters.yaml
[5.572s] -- Installing: /home/jesvin/robot_pick_place_project/ros2_ws/install/ur_description/share/ur_description/config/ur30/joint_limits.yaml
[5.572s] -- Installing: /home/jesvin/robot_pick_place_project/ros2_ws/install/ur_description/share/ur_description/config/ur3
[5.573s] -- Installing: /home/jesvin/robot_pick_place_project/ros2_ws/install/ur_description/share/ur_description/config/ur3/default_kinematics.yaml
[5.573s] -- Installing: /home/jesvin/robot_pick_place_project/ros2_ws/install/ur_description/share/ur_description/config/ur3/visual_parameters.yaml
[5.574s] -- Installing: /home/jesvin/robot_pick_place_project/ros2_ws/install/ur_description/share/ur_description/config/ur3/physical_parameters.yaml
[5.574s] -- Installing: /home/jesvin/robot_pick_place_project/ros2_ws/install/ur_description/share/ur_description/config/ur3/joint_limits.yaml
[5.574s] -- Installing: /home/jesvin/robot_pick_place_project/ros2_ws/install/ur_description/share/ur_description/config/ur10e
[5.574s] -- Installing: /home/jesvin/robot_pick_place_project/ros2_ws/install/ur_description/share/ur_description/config/ur10e/default_kinematics.yaml
[5.575s] -- Installing: /home/jesvin/robot_pick_place_project/ros2_ws/install/ur_description/share/ur_description/config/ur10e/visual_parameters.yaml
[5.575s] -- Installing: /home/jesvin/robot_pick_place_project/ros2_ws/install/ur_description/share/ur_description/config/ur10e/physical_parameters.yaml
[5.575s] -- Installing: /home/jesvin/robot_pick_place_project/ros2_ws/install/ur_description/share/ur_description/config/ur10e/joint_limits.yaml
[5.576s] -- Installing: /home/jesvin/robot_pick_place_project/ros2_ws/install/ur_description/share/ur_description/config/ur16e
[5.576s] -- Installing: /home/jesvin/robot_pick_place_project/ros2_ws/install/ur_description/share/ur_description/config/ur16e/default_kinematics.yaml
[5.576s] -- Installing: /home/jesvin/robot_pick_place_project/ros2_ws/install/ur_description/share/ur_description/config/ur16e/visual_parameters.yaml
[5.577s] -- Installing: /home/jesvin/robot_pick_place_project/ros2_ws/install/ur_description/share/ur_description/config/ur16e/physical_parameters.yaml
[5.577s] -- Installing: /home/jesvin/robot_pick_place_project/ros2_ws/install/ur_description/share/ur_description/config/ur16e/joint_limits.yaml
[5.577s] -- Installing: /home/jesvin/robot_pick_place_project/ros2_ws/install/ur_description/share/ur_description/config/ur15
[5.577s] -- Installing: /home/jesvin/robot_pick_place_project/ros2_ws/install/ur_description/share/ur_description/config/ur15/default_kinematics.yaml
[5.578s] -- Installing: /home/jesvin/robot_pick_place_project/ros2_ws/install/ur_description/share/ur_description/config/ur15/visual_parameters.yaml
[5.578s] -- Installing: /home/jesvin/robot_pick_place_project/ros2_ws/install/ur_description/share/ur_description/config/ur15/physical_parameters.yaml
[5.578s] -- Installing: /home/jesvin/robot_pick_place_project/ros2_ws/install/ur_description/share/ur_description/config/ur15/joint_limits.yaml
[5.578s] -- Installing: /home/jesvin/robot_pick_place_project/ros2_ws/install/ur_description/share/ur_description/config/ur20
[5.579s] -- Installing: /home/jesvin/robot_pick_place_project/ros2_ws/install/ur_description/share/ur_description/config/ur20/default_kinematics.yaml
[5.579s] -- Installing: /home/jesvin/robot_pick_place_project/ros2_ws/install/ur_description/share/ur_description/config/ur20/visual_parameters.yaml
[5.579s] -- Installing: /home/jesvin/robot_pick_place_project/ros2_ws/install/ur_description/share/ur_description/config/ur20/physical_parameters.yaml
[5.580s] -- Installing: /home/jesvin/robot_pick_place_project/ros2_ws/install/ur_description/share/ur_description/config/ur20/joint_limits.yaml
[5.580s] -- Installing: /home/jesvin/robot_pick_place_project/ros2_ws/install/ur_description/share/ur_description/config/initial_positions.yaml
[5.585s] -- Installing: /home/jesvin/robot_pick_place_project/ros2_ws/install/ur_description/share/ur_description/launch
[5.585s] -- Installing: /home/jesvin/robot_pick_place_project/ros2_ws/install/ur_description/share/ur_description/launch/view_ur.launch.xml
[5.587s] -- Installing: /home/jesvin/robot_pick_place_project/ros2_ws/install/ur_description/share/ur_description/launch/view_ur.launch.py
[5.587s] -- Installing: /home/jesvin/robot_pick_place_project/ros2_ws/install/ur_description/share/ur_description/meshes
[5.587s] -- Installing: /home/jesvin/robot_pick_place_project/ros2_ws/install/ur_description/share/ur_description/meshes/ur10
[5.587s] -- Installing: /home/jesvin/robot_pick_place_project/ros2_ws/install/ur_description/share/ur_description/meshes/ur10/collision
[5.588s] -- Installing: /home/jesvin/robot_pick_place_project/ros2_ws/install/ur_description/share/ur_description/meshes/ur10/collision/base.stl
[5.588s] -- Installing: /home/jesvin/robot_pick_place_project/ros2_ws/install/ur_description/share/ur_description/meshes/ur10/collision/upperarm.stl
[5.589s] -- Installing: /home/jesvin/robot_pick_place_project/ros2_ws/install/ur_description/share/ur_description/meshes/ur10/collision/wrist3.stl
[5.589s] -- Installing: /home/jesvin/robot_pick_place_project/ros2_ws/install/ur_description/share/ur_description/meshes/ur10/collision/forearm.stl
[5.590s] -- Installing: /home/jesvin/robot_pick_place_project/ros2_ws/install/ur_description/share/ur_description/meshes/ur10/collision/wrist2.stl
[5.590s] -- Installing: /home/jesvin/robot_pick_place_project/ros2_ws/install/ur_description/share/ur_description/meshes/ur10/collision/wrist1.stl
[5.591s] -- Installing: /home/jesvin/robot_pick_place_project/ros2_ws/install/ur_description/share/ur_description/meshes/ur10/collision/shoulder.stl
[5.591s] -- Installing: /home/jesvin/robot_pick_place_project/ros2_ws/install/ur_description/share/ur_description/meshes/ur10/visual
[5.591s] -- Installing: /home/jesvin/robot_pick_place_project/ros2_ws/install/ur_description/share/ur_description/meshes/ur10/visual/wrist1.dae
[5.610s] -- Installing: /home/jesvin/robot_pick_place_project/ros2_ws/install/ur_description/share/ur_description/meshes/ur10/visual/base.dae
[5.614s] -- Installing: /home/jesvin/robot_pick_place_project/ros2_ws/install/ur_description/share/ur_description/meshes/ur10/visual/shoulder.dae
[5.627s] -- Installing: /home/jesvin/robot_pick_place_project/ros2_ws/install/ur_description/share/ur_description/meshes/ur10/visual/wrist3.dae
[5.628s] -- Installing: /home/jesvin/robot_pick_place_project/ros2_ws/install/ur_description/share/ur_description/meshes/ur10/visual/upperarm.dae
[5.636s] -- Installing: /home/jesvin/robot_pick_place_project/ros2_ws/install/ur_description/share/ur_description/meshes/ur10/visual/forearm.dae
[5.655s] -- Installing: /home/jesvin/robot_pick_place_project/ros2_ws/install/ur_description/share/ur_description/meshes/ur10/visual/wrist2.dae
[5.674s] -- Installing: /home/jesvin/robot_pick_place_project/ros2_ws/install/ur_description/share/ur_description/meshes/ur5e
[5.674s] -- Installing: /home/jesvin/robot_pick_place_project/ros2_ws/install/ur_description/share/ur_description/meshes/ur5e/collision
[5.675s] -- Installing: /home/jesvin/robot_pick_place_project/ros2_ws/install/ur_description/share/ur_description/meshes/ur5e/collision/base.stl
[5.676s] -- Installing: /home/jesvin/robot_pick_place_project/ros2_ws/install/ur_description/share/ur_description/meshes/ur5e/collision/upperarm.stl
[5.676s] -- Installing: /home/jesvin/robot_pick_place_project/ros2_ws/install/ur_description/share/ur_description/meshes/ur5e/collision/wrist3.stl
[5.677s] -- Installing: /home/jesvin/robot_pick_place_project/ros2_ws/install/ur_description/share/ur_description/meshes/ur5e/collision/forearm.stl
[5.677s] -- Installing: /home/jesvin/robot_pick_place_project/ros2_ws/install/ur_description/share/ur_description/meshes/ur5e/collision/wrist2.stl
[5.678s] -- Installing: /home/jesvin/robot_pick_place_project/ros2_ws/install/ur_description/share/ur_description/meshes/ur5e/collision/wrist1.stl
[5.679s] -- Installing: /home/jesvin/robot_pick_place_project/ros2_ws/install/ur_description/share/ur_description/meshes/ur5e/collision/shoulder.stl
[5.679s] -- Installing: /home/jesvin/robot_pick_place_project/ros2_ws/install/ur_description/share/ur_description/meshes/ur5e/visual
[5.680s] -- Installing: /home/jesvin/robot_pick_place_project/ros2_ws/install/ur_description/share/ur_description/meshes/ur5e/visual/wrist1.dae
[5.682s] -- Installing: /home/jesvin/robot_pick_place_project/ros2_ws/install/ur_description/share/ur_description/meshes/ur5e/visual/base.dae
[5.683s] -- Installing: /home/jesvin/robot_pick_place_project/ros2_ws/install/ur_description/share/ur_description/meshes/ur5e/visual/shoulder.dae
[5.685s] -- Installing: /home/jesvin/robot_pick_place_project/ros2_ws/install/ur_description/share/ur_description/meshes/ur5e/visual/wrist3.dae
[5.685s] -- Installing: /home/jesvin/robot_pick_place_project/ros2_ws/install/ur_description/share/ur_description/meshes/ur5e/visual/upperarm.dae
[5.688s] -- Installing: /home/jesvin/robot_pick_place_project/ros2_ws/install/ur_description/share/ur_description/meshes/ur5e/visual/forearm.dae
[5.690s] -- Installing: /home/jesvin/robot_pick_place_project/ros2_ws/install/ur_description/share/ur_description/meshes/ur5e/visual/wrist2.dae
[5.692s] -- Installing: /home/jesvin/robot_pick_place_project/ros2_ws/install/ur_description/share/ur_description/meshes/ur5
[5.697s] -- Installing: /home/jesvin/robot_pick_place_project/ros2_ws/install/ur_description/share/ur_description/meshes/ur5/collision
[5.697s] -- Installing: /home/jesvin/robot_pick_place_project/ros2_ws/install/ur_description/share/ur_description/meshes/ur5/collision/base.stl
[5.698s] -- Installing: /home/jesvin/robot_pick_place_project/ros2_ws/install/ur_description/share/ur_description/meshes/ur5/collision/upperarm.stl
[5.699s] -- Installing: /home/jesvin/robot_pick_place_project/ros2_ws/install/ur_description/share/ur_description/meshes/ur5/collision/wrist3.stl
[5.700s] -- Installing: /home/jesvin/robot_pick_place_project/ros2_ws/install/ur_description/share/ur_description/meshes/ur5/collision/forearm.stl
[5.701s] -- Installing: /home/jesvin/robot_pick_place_project/ros2_ws/install/ur_description/share/ur_description/meshes/ur5/collision/wrist2.stl
[5.702s] -- Installing: /home/jesvin/robot_pick_place_project/ros2_ws/install/ur_description/share/ur_description/meshes/ur5/collision/wrist1.stl
[5.703s] -- Installing: /home/jesvin/robot_pick_place_project/ros2_ws/install/ur_description/share/ur_description/meshes/ur5/collision/shoulder.stl
[5.704s] -- Installing: /home/jesvin/robot_pick_place_project/ros2_ws/install/ur_description/share/ur_description/meshes/ur5/visual
[5.704s] -- Installing: /home/jesvin/robot_pick_place_project/ros2_ws/install/ur_description/share/ur_description/meshes/ur5/visual/wrist1.dae
[5.713s] -- Installing: /home/jesvin/robot_pick_place_project/ros2_ws/install/ur_description/share/ur_description/meshes/ur5/visual/base.dae
[5.717s] -- Installing: /home/jesvin/robot_pick_place_project/ros2_ws/install/ur_description/share/ur_description/meshes/ur5/visual/shoulder.dae
[5.731s] -- Installing: /home/jesvin/robot_pick_place_project/ros2_ws/install/ur_description/share/ur_description/meshes/ur5/visual/wrist3.dae
[5.732s] -- Installing: /home/jesvin/robot_pick_place_project/ros2_ws/install/ur_description/share/ur_description/meshes/ur5/visual/upperarm.dae
[5.741s] -- Installing: /home/jesvin/robot_pick_place_project/ros2_ws/install/ur_description/share/ur_description/meshes/ur5/visual/forearm.dae
[5.786s] -- Installing: /home/jesvin/robot_pick_place_project/ros2_ws/install/ur_description/share/ur_description/meshes/ur5/visual/wrist2.dae
[5.801s] -- Installing: /home/jesvin/robot_pick_place_project/ros2_ws/install/ur_description/share/ur_description/meshes/ur3e
[5.802s] -- Installing: /home/jesvin/robot_pick_place_project/ros2_ws/install/ur_description/share/ur_description/meshes/ur3e/collision
[5.802s] -- Installing: /home/jesvin/robot_pick_place_project/ros2_ws/install/ur_description/share/ur_description/meshes/ur3e/collision/base.stl
[5.803s] -- Installing: /home/jesvin/robot_pick_place_project/ros2_ws/install/ur_description/share/ur_description/meshes/ur3e/collision/upperarm.stl
[5.815s] -- Installing: /home/jesvin/robot_pick_place_project/ros2_ws/install/ur_description/share/ur_description/meshes/ur3e/collision/wrist3.stl
[5.816s] -- Installing: /home/jesvin/robot_pick_place_project/ros2_ws/install/ur_description/share/ur_description/meshes/ur3e/collision/forearm.stl
[5.817s] -- Installing: /home/jesvin/robot_pick_place_project/ros2_ws/install/ur_description/share/ur_description/meshes/ur3e/collision/wrist2.stl
[5.818s] -- Installing: /home/jesvin/robot_pick_place_project/ros2_ws/install/ur_description/share/ur_description/meshes/ur3e/collision/wrist1.stl
[5.819s] -- Installing: /home/jesvin/robot_pick_place_project/ros2_ws/install/ur_description/share/ur_description/meshes/ur3e/collision/shoulder.stl
[5.820s] -- Installing: /home/jesvin/robot_pick_place_project/ros2_ws/install/ur_description/share/ur_description/meshes/ur3e/visual
[5.820s] -- Installing: /home/jesvin/robot_pick_place_project/ros2_ws/install/ur_description/share/ur_description/meshes/ur3e/visual/wrist1.dae
[5.833s] -- Installing: /home/jesvin/robot_pick_place_project/ros2_ws/install/ur_description/share/ur_description/meshes/ur3e/visual/base.dae
[5.835s] -- Installing: /home/jesvin/robot_pick_place_project/ros2_ws/install/ur_description/share/ur_description/meshes/ur3e/visual/shoulder.dae
[5.853s] -- Installing: /home/jesvin/robot_pick_place_project/ros2_ws/install/ur_description/share/ur_description/meshes/ur3e/visual/wrist3.dae
[5.855s] -- Installing: /home/jesvin/robot_pick_place_project/ros2_ws/install/ur_description/share/ur_description/meshes/ur3e/visual/upperarm.dae
[5.875s] -- Installing: /home/jesvin/robot_pick_place_project/ros2_ws/install/ur_description/share/ur_description/meshes/ur3e/visual/forearm.dae
[5.892s] -- Installing: /home/jesvin/robot_pick_place_project/ros2_ws/install/ur_description/share/ur_description/meshes/ur3e/visual/wrist2.dae
[5.909s] -- Installing: /home/jesvin/robot_pick_place_project/ros2_ws/install/ur_description/share/ur_description/meshes/ur18
[5.909s] -- Installing: /home/jesvin/robot_pick_place_project/ros2_ws/install/ur_description/share/ur_description/meshes/ur18/collision
[5.910s] -- Installing: /home/jesvin/robot_pick_place_project/ros2_ws/install/ur_description/share/ur_description/meshes/ur18/collision/upperarm.stl
[5.917s] -- Installing: /home/jesvin/robot_pick_place_project/ros2_ws/install/ur_description/share/ur_description/meshes/ur18/collision/forearm.stl
[5.918s] -- Installing: /home/jesvin/robot_pick_place_project/ros2_ws/install/ur_description/share/ur_description/meshes/ur18/visual
[5.918s] -- Installing: /home/jesvin/robot_pick_place_project/ros2_ws/install/ur_description/share/ur_description/meshes/ur18/visual/upperarm.dae
[5.927s] -- Installing: /home/jesvin/robot_pick_place_project/ros2_ws/install/ur_description/share/ur_description/meshes/ur18/visual/forearm.dae
[5.929s] -- Installing: /home/jesvin/robot_pick_place_project/ros2_ws/install/ur_description/share/ur_description/meshes/ur18/visual/UR18_DIFF_8bit_2K.jpg
[5.937s] -- Installing: /home/jesvin/robot_pick_place_project/ros2_ws/install/ur_description/share/ur_description/meshes/ur18/LICENSE.txt
[5.946s] -- Installing: /home/jesvin/robot_pick_place_project/ros2_ws/install/ur_description/share/ur_description/meshes/ur8long
[5.946s] -- Installing: /home/jesvin/robot_pick_place_project/ros2_ws/install/ur_description/share/ur_description/meshes/ur8long/collision
[5.947s] -- Installing: /home/jesvin/robot_pick_place_project/ros2_ws/install/ur_description/share/ur_description/meshes/ur8long/collision/upperarm.stl
[5.948s] -- Installing: /home/jesvin/robot_pick_place_project/ros2_ws/install/ur_description/share/ur_description/meshes/ur8long/collision/forearm.stl
[5.949s] -- Installing: /home/jesvin/robot_pick_place_project/ros2_ws/install/ur_description/share/ur_description/meshes/ur8long/visual
[5.950s] -- Installing: /home/jesvin/robot_pick_place_project/ros2_ws/install/ur_description/share/ur_description/meshes/ur8long/visual/UR8Long_DIFF_8bit_2K.jpg
[5.955s] -- Installing: /home/jesvin/robot_pick_place_project/ros2_ws/install/ur_description/share/ur_description/meshes/ur8long/visual/upperarm.dae
[5.961s] -- Installing: /home/jesvin/robot_pick_place_project/ros2_ws/install/ur_description/share/ur_description/meshes/ur8long/visual/forearm.dae
[5.995s] -- Installing: /home/jesvin/robot_pick_place_project/ros2_ws/install/ur_description/share/ur_description/meshes/ur8long/LICENSE.txt
[6.015s] -- Installing: /home/jesvin/robot_pick_place_project/ros2_ws/install/ur_description/share/ur_description/meshes/ur30
[6.016s] -- Installing: /home/jesvin/robot_pick_place_project/ros2_ws/install/ur_description/share/ur_description/meshes/ur30/collision
[6.016s] -- Installing: /home/jesvin/robot_pick_place_project/ros2_ws/install/ur_description/share/ur_description/meshes/ur30/collision/upperarm.stl
[6.030s] -- Installing: /home/jesvin/robot_pick_place_project/ros2_ws/install/ur_description/share/ur_description/meshes/ur30/collision/forearm.stl
[6.037s] -- Installing: /home/jesvin/robot_pick_place_project/ros2_ws/install/ur_description/share/ur_description/meshes/ur30/visual
[6.038s] -- Installing: /home/jesvin/robot_pick_place_project/ros2_ws/install/ur_description/share/ur_description/meshes/ur30/visual/upperarm.dae
[6.042s] -- Installing: /home/jesvin/robot_pick_place_project/ros2_ws/install/ur_description/share/ur_description/meshes/ur30/visual/forearm.dae
[6.055s] -- Installing: /home/jesvin/robot_pick_place_project/ros2_ws/install/ur_description/share/ur_description/meshes/ur30/visual/UR30_DIFF_8bit_2K.png
[6.067s] -- Installing: /home/jesvin/robot_pick_place_project/ros2_ws/install/ur_description/share/ur_description/meshes/ur30/LICENSE.txt
[6.067s] -- Installing: /home/jesvin/robot_pick_place_project/ros2_ws/install/ur_description/share/ur_description/meshes/ur3
[6.068s] -- Installing: /home/jesvin/robot_pick_place_project/ros2_ws/install/ur_description/share/ur_description/meshes/ur3/collision
[6.068s] -- Installing: /home/jesvin/robot_pick_place_project/ros2_ws/install/ur_description/share/ur_description/meshes/ur3/collision/base.stl
[6.078s] -- Installing: /home/jesvin/robot_pick_place_project/ros2_ws/install/ur_description/share/ur_description/meshes/ur3/collision/upperarm.stl
[6.085s] -- Installing: /home/jesvin/robot_pick_place_project/ros2_ws/install/ur_description/share/ur_description/meshes/ur3/collision/wrist3.stl
[6.086s] -- Installing: /home/jesvin/robot_pick_place_project/ros2_ws/install/ur_description/share/ur_description/meshes/ur3/collision/forearm.stl
[6.088s] -- Installing: /home/jesvin/robot_pick_place_project/ros2_ws/install/ur_description/share/ur_description/meshes/ur3/collision/wrist2.stl
[6.089s] -- Installing: /home/jesvin/robot_pick_place_project/ros2_ws/install/ur_description/share/ur_description/meshes/ur3/collision/wrist1.stl
[6.091s] -- Installing: /home/jesvin/robot_pick_place_project/ros2_ws/install/ur_description/share/ur_description/meshes/ur3/collision/shoulder.stl
[6.093s] -- Installing: /home/jesvin/robot_pick_place_project/ros2_ws/install/ur_description/share/ur_description/meshes/ur3/visual
[6.094s] -- Installing: /home/jesvin/robot_pick_place_project/ros2_ws/install/ur_description/share/ur_description/meshes/ur3/visual/wrist1.dae
[6.104s] -- Installing: /home/jesvin/robot_pick_place_project/ros2_ws/install/ur_description/share/ur_description/meshes/ur3/visual/base.dae
[6.108s] -- Installing: /home/jesvin/robot_pick_place_project/ros2_ws/install/ur_description/share/ur_description/meshes/ur3/visual/shoulder.dae
[6.120s] -- Installing: /home/jesvin/robot_pick_place_project/ros2_ws/install/ur_description/share/ur_description/meshes/ur3/visual/wrist3.dae
[6.121s] -- Installing: /home/jesvin/robot_pick_place_project/ros2_ws/install/ur_description/share/ur_description/meshes/ur3/visual/upperarm.dae
[6.133s] -- Installing: /home/jesvin/robot_pick_place_project/ros2_ws/install/ur_description/share/ur_description/meshes/ur3/visual/forearm.dae
[6.144s] -- Installing: /home/jesvin/robot_pick_place_project/ros2_ws/install/ur_description/share/ur_description/meshes/ur3/visual/wrist2.dae
[6.148s] -- Installing: /home/jesvin/robot_pick_place_project/ros2_ws/install/ur_description/share/ur_description/meshes/ur10e
[6.148s] -- Installing: /home/jesvin/robot_pick_place_project/ros2_ws/install/ur_description/share/ur_description/meshes/ur10e/collision
[6.149s] -- Installing: /home/jesvin/robot_pick_place_project/ros2_ws/install/ur_description/share/ur_description/meshes/ur10e/collision/base.stl
[6.160s] -- Installing: /home/jesvin/robot_pick_place_project/ros2_ws/install/ur_description/share/ur_description/meshes/ur10e/collision/upperarm.stl
[6.167s] -- Installing: /home/jesvin/robot_pick_place_project/ros2_ws/install/ur_description/share/ur_description/meshes/ur10e/collision/wrist3.stl
[6.167s] -- Installing: /home/jesvin/robot_pick_place_project/ros2_ws/install/ur_description/share/ur_description/meshes/ur10e/collision/forearm.stl
[6.175s] -- Installing: /home/jesvin/robot_pick_place_project/ros2_ws/install/ur_description/share/ur_description/meshes/ur10e/collision/wrist2.stl
[6.176s] -- Installing: /home/jesvin/robot_pick_place_project/ros2_ws/install/ur_description/share/ur_description/meshes/ur10e/collision/wrist1.stl
[6.183s] -- Installing: /home/jesvin/robot_pick_place_project/ros2_ws/install/ur_description/share/ur_description/meshes/ur10e/collision/shoulder.stl
[6.191s] -- Installing: /home/jesvin/robot_pick_place_project/ros2_ws/install/ur_description/share/ur_description/meshes/ur10e/visual
[6.191s] -- Installing: /home/jesvin/robot_pick_place_project/ros2_ws/install/ur_description/share/ur_description/meshes/ur10e/visual/wrist1.dae
[6.205s] -- Installing: /home/jesvin/robot_pick_place_project/ros2_ws/install/ur_description/share/ur_description/meshes/ur10e/visual/base.dae
[6.219s] -- Installing: /home/jesvin/robot_pick_place_project/ros2_ws/install/ur_description/share/ur_description/meshes/ur10e/visual/shoulder.dae
[6.242s] -- Installing: /home/jesvin/robot_pick_place_project/ros2_ws/install/ur_description/share/ur_description/meshes/ur10e/visual/wrist3.dae
[6.249s] -- Installing: /home/jesvin/robot_pick_place_project/ros2_ws/install/ur_description/share/ur_description/meshes/ur10e/visual/upperarm.dae
[6.274s] -- Installing: /home/jesvin/robot_pick_place_project/ros2_ws/install/ur_description/share/ur_description/meshes/ur10e/visual/forearm.dae
[6.288s] -- Installing: /home/jesvin/robot_pick_place_project/ros2_ws/install/ur_description/share/ur_description/meshes/ur10e/visual/wrist2.dae
[6.298s] -- Installing: /home/jesvin/robot_pick_place_project/ros2_ws/install/ur_description/share/ur_description/meshes/ur16e
[6.298s] -- Installing: /home/jesvin/robot_pick_place_project/ros2_ws/install/ur_description/share/ur_description/meshes/ur16e/collision
[6.299s] -- Installing: /home/jesvin/robot_pick_place_project/ros2_ws/install/ur_description/share/ur_description/meshes/ur16e/collision/upperarm.stl
[6.300s] -- Installing: /home/jesvin/robot_pick_place_project/ros2_ws/install/ur_description/share/ur_description/meshes/ur16e/collision/forearm.stl
[6.308s] -- Installing: /home/jesvin/robot_pick_place_project/ros2_ws/install/ur_description/share/ur_description/meshes/ur16e/visual
[6.308s] -- Installing: /home/jesvin/robot_pick_place_project/ros2_ws/install/ur_description/share/ur_description/meshes/ur16e/visual/upperarm.dae
[6.331s] -- Installing: /home/jesvin/robot_pick_place_project/ros2_ws/install/ur_description/share/ur_description/meshes/ur16e/visual/forearm.dae
[6.349s] -- Installing: /home/jesvin/robot_pick_place_project/ros2_ws/install/ur_description/share/ur_description/meshes/ur15
[6.349s] -- Installing: /home/jesvin/robot_pick_place_project/ros2_ws/install/ur_description/share/ur_description/meshes/ur15/collision
[6.349s] -- Installing: /home/jesvin/robot_pick_place_project/ros2_ws/install/ur_description/share/ur_description/meshes/ur15/collision/base.stl
[6.350s] -- Installing: /home/jesvin/robot_pick_place_project/ros2_ws/install/ur_description/share/ur_description/meshes/ur15/collision/upperarm.stl
[6.354s] -- Installing: /home/jesvin/robot_pick_place_project/ros2_ws/install/ur_description/share/ur_description/meshes/ur15/collision/wrist3.stl
[6.354s] -- Installing: /home/jesvin/robot_pick_place_project/ros2_ws/install/ur_description/share/ur_description/meshes/ur15/collision/forearm.stl
[6.355s] -- Installing: /home/jesvin/robot_pick_place_project/ros2_ws/install/ur_description/share/ur_description/meshes/ur15/collision/wrist2.stl
[6.355s] -- Installing: /home/jesvin/robot_pick_place_project/ros2_ws/install/ur_description/share/ur_description/meshes/ur15/collision/wrist1.stl
[6.356s] -- Installing: /home/jesvin/robot_pick_place_project/ros2_ws/install/ur_description/share/ur_description/meshes/ur15/collision/shoulder.stl
[6.356s] -- Installing: /home/jesvin/robot_pick_place_project/ros2_ws/install/ur_description/share/ur_description/meshes/ur15/visual
[6.356s] -- Installing: /home/jesvin/robot_pick_place_project/ros2_ws/install/ur_description/share/ur_description/meshes/ur15/visual/wrist1.dae
[6.363s] -- Installing: /home/jesvin/robot_pick_place_project/ros2_ws/install/ur_description/share/ur_description/meshes/ur15/visual/base.dae
[6.369s] -- Installing: /home/jesvin/robot_pick_place_project/ros2_ws/install/ur_description/share/ur_description/meshes/ur15/visual/shoulder.dae
[6.370s] -- Installing: /home/jesvin/robot_pick_place_project/ros2_ws/install/ur_description/share/ur_description/meshes/ur15/visual/UR15_DIFF_8bit_2K.jpg
[6.375s] -- Installing: /home/jesvin/robot_pick_place_project/ros2_ws/install/ur_description/share/ur_description/meshes/ur15/visual/wrist3.dae
[6.377s] -- Installing: /home/jesvin/robot_pick_place_project/ros2_ws/install/ur_description/share/ur_description/meshes/ur15/visual/upperarm.dae
[6.380s] -- Installing: /home/jesvin/robot_pick_place_project/ros2_ws/install/ur_description/share/ur_description/meshes/ur15/visual/forearm.dae
[6.387s] -- Installing: /home/jesvin/robot_pick_place_project/ros2_ws/install/ur_description/share/ur_description/meshes/ur15/visual/wrist2.dae
[6.389s] -- Installing: /home/jesvin/robot_pick_place_project/ros2_ws/install/ur_description/share/ur_description/meshes/ur15/LICENSE.txt
[6.390s] -- Installing: /home/jesvin/robot_pick_place_project/ros2_ws/install/ur_description/share/ur_description/meshes/ur20
[6.390s] -- Installing: /home/jesvin/robot_pick_place_project/ros2_ws/install/ur_description/share/ur_description/meshes/ur20/collision
[6.390s] -- Installing: /home/jesvin/robot_pick_place_project/ros2_ws/install/ur_description/share/ur_description/meshes/ur20/collision/base.stl
[6.391s] -- Installing: /home/jesvin/robot_pick_place_project/ros2_ws/install/ur_description/share/ur_description/meshes/ur20/collision/upperarm.stl
[6.392s] -- Installing: /home/jesvin/robot_pick_place_project/ros2_ws/install/ur_description/share/ur_description/meshes/ur20/collision/wrist3.stl
[6.392s] -- Installing: /home/jesvin/robot_pick_place_project/ros2_ws/install/ur_description/share/ur_description/meshes/ur20/collision/forearm.stl
[6.405s] -- Installing: /home/jesvin/robot_pick_place_project/ros2_ws/install/ur_description/share/ur_description/meshes/ur20/collision/wrist2.stl
[6.405s] -- Installing: /home/jesvin/robot_pick_place_project/ros2_ws/install/ur_description/share/ur_description/meshes/ur20/collision/wrist1.stl
[6.406s] -- Installing: /home/jesvin/robot_pick_place_project/ros2_ws/install/ur_description/share/ur_description/meshes/ur20/collision/shoulder.stl
[6.407s] -- Installing: /home/jesvin/robot_pick_place_project/ros2_ws/install/ur_description/share/ur_description/meshes/ur20/visual
[6.407s] -- Installing: /home/jesvin/robot_pick_place_project/ros2_ws/install/ur_description/share/ur_description/meshes/ur20/visual/wrist1.dae
[6.410s] -- Installing: /home/jesvin/robot_pick_place_project/ros2_ws/install/ur_description/share/ur_description/meshes/ur20/visual/base.dae
[6.420s] -- Installing: /home/jesvin/robot_pick_place_project/ros2_ws/install/ur_description/share/ur_description/meshes/ur20/visual/shoulder.dae
[6.422s] -- Installing: /home/jesvin/robot_pick_place_project/ros2_ws/install/ur_description/share/ur_description/meshes/ur20/visual/wrist3.dae
[6.426s] -- Installing: /home/jesvin/robot_pick_place_project/ros2_ws/install/ur_description/share/ur_description/meshes/ur20/visual/upperarm.dae
[6.429s] -- Installing: /home/jesvin/robot_pick_place_project/ros2_ws/install/ur_description/share/ur_description/meshes/ur20/visual/forearm.dae
[6.444s] -- Installing: /home/jesvin/robot_pick_place_project/ros2_ws/install/ur_description/share/ur_description/meshes/ur20/visual/UR20_DIFF_8bit_2K.png
[6.460s] -- Installing: /home/jesvin/robot_pick_place_project/ros2_ws/install/ur_description/share/ur_description/meshes/ur20/visual/wrist2.dae
[6.462s] -- Installing: /home/jesvin/robot_pick_place_project/ros2_ws/install/ur_description/share/ur_description/meshes/ur20/LICENSE.txt
[6.463s] -- Installing: /home/jesvin/robot_pick_place_project/ros2_ws/install/ur_description/share/ur_description/rviz
[6.463s] -- Installing: /home/jesvin/robot_pick_place_project/ros2_ws/install/ur_description/share/ur_description/rviz/view_robot.rviz
[6.466s] -- Installing: /home/jesvin/robot_pick_place_project/ros2_ws/install/ur_description/share/ur_description/urdf
[6.466s] -- Installing: /home/jesvin/robot_pick_place_project/ros2_ws/install/ur_description/share/ur_description/urdf/ros2_control_mock_hardware.xacro
[6.467s] -- Installing: /home/jesvin/robot_pick_place_project/ros2_ws/install/ur_description/share/ur_description/urdf/ur.urdf.xacro
[6.482s] -- Installing: /home/jesvin/robot_pick_place_project/ros2_ws/install/ur_description/share/ur_description/urdf/inc
[6.483s] -- Installing: /home/jesvin/robot_pick_place_project/ros2_ws/install/ur_description/share/ur_description/urdf/inc/ur_common.xacro
[6.483s] -- Installing: /home/jesvin/robot_pick_place_project/ros2_ws/install/ur_description/share/ur_description/urdf/inc/ur_sensors.xacro
[6.483s] -- Installing: /home/jesvin/robot_pick_place_project/ros2_ws/install/ur_description/share/ur_description/urdf/inc/ur_joint_control.xacro
[6.483s] -- Installing: /home/jesvin/robot_pick_place_project/ros2_ws/install/ur_description/share/ur_description/urdf/inc/ur_transmissions.xacro
[6.483s] -- Installing: /home/jesvin/robot_pick_place_project/ros2_ws/install/ur_description/share/ur_description/urdf/ur_macro.xacro
[6.484s] -- Installing: /home/jesvin/robot_pick_place_project/ros2_ws/install/ur_description/share/ur_description/urdf/ur_mocked.urdf.xacro
[6.512s] -- Installing: /home/jesvin/robot_pick_place_project/ros2_ws/install/ur_description/share/ur_description/test
[6.513s] -- Installing: /home/jesvin/robot_pick_place_project/ros2_ws/install/ur_description/share/ur_description/test/test_view_ur_launch.py
[6.513s] -- Installing: /home/jesvin/robot_pick_place_project/ros2_ws/install/ur_description/share/ur_description/test/test_ur_urdf_xacro.py
[6.514s] -- Installing: /home/jesvin/robot_pick_place_project/ros2_ws/install/ur_description/share/ament_index/resource_index/package_run_dependencies/ur_description
[6.514s] -- Installing: /home/jesvin/robot_pick_place_project/ros2_ws/install/ur_description/share/ament_index/resource_index/parent_prefix_path/ur_description
[6.514s] -- Installing: /home/jesvin/robot_pick_place_project/ros2_ws/install/ur_description/share/ur_description/environment/ament_prefix_path.sh
[6.514s] -- Installing: /home/jesvin/robot_pick_place_project/ros2_ws/install/ur_description/share/ur_description/environment/ament_prefix_path.dsv
[6.515s] -- Installing: /home/jesvin/robot_pick_place_project/ros2_ws/install/ur_description/share/ur_description/environment/path.sh
[6.515s] -- Installing: /home/jesvin/robot_pick_place_project/ros2_ws/install/ur_description/share/ur_description/environment/path.dsv
[6.515s] -- Installing: /home/jesvin/robot_pick_place_project/ros2_ws/install/ur_description/share/ur_description/local_setup.bash
[6.515s] -- Installing: /home/jesvin/robot_pick_place_project/ros2_ws/install/ur_description/share/ur_description/local_setup.sh
[6.515s] -- Installing: /home/jesvin/robot_pick_place_project/ros2_ws/install/ur_description/share/ur_description/local_setup.zsh
[6.515s] -- Installing: /home/jesvin/robot_pick_place_project/ros2_ws/install/ur_description/share/ur_description/local_setup.dsv
[6.515s] -- Installing: /home/jesvin/robot_pick_place_project/ros2_ws/install/ur_description/share/ur_description/package.dsv
[6.516s] -- Installing: /home/jesvin/robot_pick_place_project/ros2_ws/install/ur_description/share/ament_index/resource_index/packages/ur_description
[6.516s] -- Installing: /home/jesvin/robot_pick_place_project/ros2_ws/install/ur_description/share/ur_description/cmake/ur_descriptionConfig.cmake
[6.516s] -- Installing: /home/jesvin/robot_pick_place_project/ros2_ws/install/ur_description/share/ur_description/cmake/ur_descriptionConfig-version.cmake
[6.516s] -- Installing: /home/jesvin/robot_pick_place_project/ros2_ws/install/ur_description/share/ur_description/package.xml
[6.518s] Invoked command in '/home/jesvin/robot_pick_place_project/ros2_ws/build/ur_description' returned '0': CMAKE_PREFIX_PATH=${CMAKE_PREFIX_PATH}:/home/jesvin/robot_pick_place_project/ros2_ws/install/robot_pick_place_bringup:/home/jesvin/ws_moveit/install/moveit_configs_utils:/opt/ros/jazzy DEBUGINFOD_URLS=https://debuginfod.ubuntu.com /usr/bin/cmake --install /home/jesvin/robot_pick_place_project/ros2_ws/build/ur_description
