[0.375s] DEBUG:colcon:Command line arguments: ['/usr/bin/colcon', 'build']
[0.375s] DEBUG:colcon:Parsed command line arguments: Namespace(log_base=None, log_level=None, verb_name='build', build_base='build', install_base='install', merge_install=False, symlink_install=False, test_result_base=None, continue_on_error=False, executor='parallel', parallel_workers=8, event_handlers=None, ignore_user_meta=False, metas=['./colcon.meta'], base_paths=['.'], packages_ignore=None, packages_ignore_regex=None, paths=None, packages_up_to=None, packages_up_to_regex=None, packages_above=None, packages_above_and_dependencies=None, packages_above_depth=None, packages_select_by_dep=None, packages_skip_by_dep=None, packages_skip_up_to=None, packages_select_build_failed=False, packages_skip_build_finished=False, packages_select_test_failures=False, packages_skip_test_passed=False, packages_select=None, packages_skip=None, packages_select_regex=None, packages_skip_regex=None, packages_start=None, packages_end=None, allow_overriding=[], cmake_args=None, cmake_target=None, cmake_target_skip_unavailable=False, cmake_clean_cache=False, cmake_clean_first=False, cmake_force_configure=False, ament_cmake_args=None, catkin_cmake_args=None, catkin_skip_building_tests=False, mixin_files=None, mixin=None, verb_parser=<colcon_mixin.mixin.mixin_argument.MixinArgumentDecorator object at 0x78d3d2fc79e0>, verb_extension=<colcon_core.verb.build.BuildVerb object at 0x78d3d30f7bc0>, main=<bound method BuildVerb.main of <colcon_core.verb.build.BuildVerb object at 0x78d3d30f7bc0>>, mixin_verb=('build',))
[0.575s] Level 1:colcon.colcon_core.package_discovery:discover_packages(colcon_meta) check parameters
[0.575s] Level 1:colcon.colcon_core.package_discovery:discover_packages(recursive) check parameters
[0.575s] Level 1:colcon.colcon_core.package_discovery:discover_packages(ignore) check parameters
[0.575s] Level 1:colcon.colcon_core.package_discovery:discover_packages(path) check parameters
[0.575s] Level 1:colcon.colcon_core.package_discovery:discover_packages(colcon_meta) discover
[0.575s] Level 1:colcon.colcon_core.package_discovery:discover_packages(recursive) discover
[0.576s] INFO:colcon.colcon_core.package_discovery:Crawling recursively for packages in '/home/jesvin/robot_pick_place_project/ros2_ws'
[0.576s] Level 1:colcon.colcon_core.package_identification:_identify(.) by extensions ['ignore', 'ignore_ament_install']
[0.576s] Level 1:colcon.colcon_core.package_identification:_identify(.) by extension 'ignore'
[0.576s] Level 1:colcon.colcon_core.package_identification:_identify(.) by extension 'ignore_ament_install'
[0.576s] Level 1:colcon.colcon_core.package_identification:_identify(.) by extensions ['colcon_pkg']
[0.576s] Level 1:colcon.colcon_core.package_identification:_identify(.) by extension 'colcon_pkg'
[0.576s] Level 1:colcon.colcon_core.package_identification:_identify(.) by extensions ['colcon_meta']
[0.577s] Level 1:colcon.colcon_core.package_identification:_identify(.) by extension 'colcon_meta'
[0.577s] Level 1:colcon.colcon_core.package_identification:_identify(.) by extensions ['ros']
[0.577s] Level 1:colcon.colcon_core.package_identification:_identify(.) by extension 'ros'
[0.599s] Level 1:colcon.colcon_core.package_identification:_identify(.) by extensions ['cmake', 'python']
[0.599s] Level 1:colcon.colcon_core.package_identification:_identify(.) by extension 'cmake'
[0.599s] Level 1:colcon.colcon_core.package_identification:_identify(.) by extension 'python'
[0.599s] Level 1:colcon.colcon_core.package_identification:_identify(.) by extensions ['python_setup_py']
[0.599s] Level 1:colcon.colcon_core.package_identification:_identify(.) by extension 'python_setup_py'
[0.599s] Level 1:colcon.colcon_core.package_identification:_identify(Universal_Robots_ROS2_Description) by extensions ['ignore', 'ignore_ament_install']
[0.599s] Level 1:colcon.colcon_core.package_identification:_identify(Universal_Robots_ROS2_Description) by extension 'ignore'
[0.599s] Level 1:colcon.colcon_core.package_identification:_identify(Universal_Robots_ROS2_Description) by extension 'ignore_ament_install'
[0.599s] Level 1:colcon.colcon_core.package_identification:_identify(Universal_Robots_ROS2_Description) by extensions ['colcon_pkg']
[0.600s] Level 1:colcon.colcon_core.package_identification:_identify(Universal_Robots_ROS2_Description) by extension 'colcon_pkg'
[0.600s] Level 1:colcon.colcon_core.package_identification:_identify(Universal_Robots_ROS2_Description) by extensions ['colcon_meta']
[0.600s] Level 1:colcon.colcon_core.package_identification:_identify(Universal_Robots_ROS2_Description) by extension 'colcon_meta'
[0.600s] Level 1:colcon.colcon_core.package_identification:_identify(Universal_Robots_ROS2_Description) by extensions ['ros']
[0.600s] Level 1:colcon.colcon_core.package_identification:_identify(Universal_Robots_ROS2_Description) by extension 'ros'
[0.603s] DEBUG:colcon.colcon_core.package_identification:Package 'Universal_Robots_ROS2_Description' with type 'ros.ament_cmake' and name 'ur_description'
[0.603s] Level 1:colcon.colcon_core.package_identification:_identify(Universal_Robots_ROS2_GZ_Simulation) by extensions ['ignore', 'ignore_ament_install']
[0.603s] Level 1:colcon.colcon_core.package_identification:_identify(Universal_Robots_ROS2_GZ_Simulation) by extension 'ignore'
[0.603s] Level 1:colcon.colcon_core.package_identification:_identify(Universal_Robots_ROS2_GZ_Simulation) by extension 'ignore_ament_install'
[0.603s] Level 1:colcon.colcon_core.package_identification:_identify(Universal_Robots_ROS2_GZ_Simulation) by extensions ['colcon_pkg']
[0.603s] Level 1:colcon.colcon_core.package_identification:_identify(Universal_Robots_ROS2_GZ_Simulation) by extension 'colcon_pkg'
[0.603s] Level 1:colcon.colcon_core.package_identification:_identify(Universal_Robots_ROS2_GZ_Simulation) by extensions ['colcon_meta']
[0.603s] Level 1:colcon.colcon_core.package_identification:_identify(Universal_Robots_ROS2_GZ_Simulation) by extension 'colcon_meta'
[0.603s] Level 1:colcon.colcon_core.package_identification:_identify(Universal_Robots_ROS2_GZ_Simulation) by extensions ['ros']
[0.603s] Level 1:colcon.colcon_core.package_identification:_identify(Universal_Robots_ROS2_GZ_Simulation) by extension 'ros'
[0.604s] Level 1:colcon.colcon_core.package_identification:_identify(Universal_Robots_ROS2_GZ_Simulation) by extensions ['cmake', 'python']
[0.604s] Level 1:colcon.colcon_core.package_identification:_identify(Universal_Robots_ROS2_GZ_Simulation) by extension 'cmake'
[0.604s] Level 1:colcon.colcon_core.package_identification:_identify(Universal_Robots_ROS2_GZ_Simulation) by extension 'python'
[0.604s] Level 1:colcon.colcon_core.package_identification:_identify(Universal_Robots_ROS2_GZ_Simulation) by extensions ['python_setup_py']
[0.604s] Level 1:colcon.colcon_core.package_identification:_identify(Universal_Robots_ROS2_GZ_Simulation) by extension 'python_setup_py'
[0.604s] Level 1:colcon.colcon_core.package_identification:_identify(Universal_Robots_ROS2_GZ_Simulation/ur_simulation_gz) by extensions ['ignore', 'ignore_ament_install']
[0.604s] Level 1:colcon.colcon_core.package_identification:_identify(Universal_Robots_ROS2_GZ_Simulation/ur_simulation_gz) by extension 'ignore'
[0.604s] Level 1:colcon.colcon_core.package_identification:_identify(Universal_Robots_ROS2_GZ_Simulation/ur_simulation_gz) by extension 'ignore_ament_install'
[0.604s] Level 1:colcon.colcon_core.package_identification:_identify(Universal_Robots_ROS2_GZ_Simulation/ur_simulation_gz) by extensions ['colcon_pkg']
[0.604s] Level 1:colcon.colcon_core.package_identification:_identify(Universal_Robots_ROS2_GZ_Simulation/ur_simulation_gz) by extension 'colcon_pkg'
[0.604s] Level 1:colcon.colcon_core.package_identification:_identify(Universal_Robots_ROS2_GZ_Simulation/ur_simulation_gz) by extensions ['colcon_meta']
[0.604s] Level 1:colcon.colcon_core.package_identification:_identify(Universal_Robots_ROS2_GZ_Simulation/ur_simulation_gz) by extension 'colcon_meta'
[0.604s] Level 1:colcon.colcon_core.package_identification:_identify(Universal_Robots_ROS2_GZ_Simulation/ur_simulation_gz) by extensions ['ros']
[0.604s] Level 1:colcon.colcon_core.package_identification:_identify(Universal_Robots_ROS2_GZ_Simulation/ur_simulation_gz) by extension 'ros'
[0.605s] DEBUG:colcon.colcon_core.package_identification:Package 'Universal_Robots_ROS2_GZ_Simulation/ur_simulation_gz' with type 'ros.ament_cmake' and name 'ur_simulation_gz'
[0.605s] Level 1:colcon.colcon_core.package_identification:_identify(build) by extensions ['ignore', 'ignore_ament_install']
[0.605s] Level 1:colcon.colcon_core.package_identification:_identify(build) by extension 'ignore'
[0.606s] Level 1:colcon.colcon_core.package_identification:_identify(build) ignored
[0.606s] Level 1:colcon.colcon_core.package_identification:_identify(install) by extensions ['ignore', 'ignore_ament_install']
[0.606s] Level 1:colcon.colcon_core.package_identification:_identify(install) by extension 'ignore'
[0.606s] Level 1:colcon.colcon_core.package_identification:_identify(install) ignored
[0.606s] Level 1:colcon.colcon_core.package_identification:_identify(log) by extensions ['ignore', 'ignore_ament_install']
[0.606s] Level 1:colcon.colcon_core.package_identification:_identify(log) by extension 'ignore'
[0.606s] Level 1:colcon.colcon_core.package_identification:_identify(log) ignored
[0.606s] Level 1:colcon.colcon_core.package_identification:_identify(src) by extensions ['ignore', 'ignore_ament_install']
[0.606s] Level 1:colcon.colcon_core.package_identification:_identify(src) by extension 'ignore'
[0.606s] Level 1:colcon.colcon_core.package_identification:_identify(src) by extension 'ignore_ament_install'
[0.606s] Level 1:colcon.colcon_core.package_identification:_identify(src) by extensions ['colcon_pkg']
[0.606s] Level 1:colcon.colcon_core.package_identification:_identify(src) by extension 'colcon_pkg'
[0.606s] Level 1:colcon.colcon_core.package_identification:_identify(src) by extensions ['colcon_meta']
[0.606s] Level 1:colcon.colcon_core.package_identification:_identify(src) by extension 'colcon_meta'
[0.606s] Level 1:colcon.colcon_core.package_identification:_identify(src) by extensions ['ros']
[0.606s] Level 1:colcon.colcon_core.package_identification:_identify(src) by extension 'ros'
[0.607s] Level 1:colcon.colcon_core.package_identification:_identify(src) by extensions ['cmake', 'python']
[0.607s] Level 1:colcon.colcon_core.package_identification:_identify(src) by extension 'cmake'
[0.607s] Level 1:colcon.colcon_core.package_identification:_identify(src) by extension 'python'
[0.607s] Level 1:colcon.colcon_core.package_identification:_identify(src) by extensions ['python_setup_py']
[0.607s] Level 1:colcon.colcon_core.package_identification:_identify(src) by extension 'python_setup_py'
[0.607s] Level 1:colcon.colcon_core.package_identification:_identify(src/build) by extensions ['ignore', 'ignore_ament_install']
[0.607s] Level 1:colcon.colcon_core.package_identification:_identify(src/build) by extension 'ignore'
[0.607s] Level 1:colcon.colcon_core.package_identification:_identify(src/build) ignored
[0.607s] Level 1:colcon.colcon_core.package_identification:_identify(src/install) by extensions ['ignore', 'ignore_ament_install']
[0.607s] Level 1:colcon.colcon_core.package_identification:_identify(src/install) by extension 'ignore'
[0.607s] Level 1:colcon.colcon_core.package_identification:_identify(src/install) ignored
[0.607s] Level 1:colcon.colcon_core.package_identification:_identify(src/launch) by extensions ['ignore', 'ignore_ament_install']
[0.608s] Level 1:colcon.colcon_core.package_identification:_identify(src/launch) by extension 'ignore'
[0.608s] Level 1:colcon.colcon_core.package_identification:_identify(src/launch) by extension 'ignore_ament_install'
[0.608s] Level 1:colcon.colcon_core.package_identification:_identify(src/launch) by extensions ['colcon_pkg']
[0.608s] Level 1:colcon.colcon_core.package_identification:_identify(src/launch) by extension 'colcon_pkg'
[0.608s] Level 1:colcon.colcon_core.package_identification:_identify(src/launch) by extensions ['colcon_meta']
[0.608s] Level 1:colcon.colcon_core.package_identification:_identify(src/launch) by extension 'colcon_meta'
[0.608s] Level 1:colcon.colcon_core.package_identification:_identify(src/launch) by extensions ['ros']
[0.608s] Level 1:colcon.colcon_core.package_identification:_identify(src/launch) by extension 'ros'
[0.608s] Level 1:colcon.colcon_core.package_identification:_identify(src/launch) by extensions ['cmake', 'python']
[0.608s] Level 1:colcon.colcon_core.package_identification:_identify(src/launch) by extension 'cmake'
[0.608s] Level 1:colcon.colcon_core.package_identification:_identify(src/launch) by extension 'python'
[0.608s] Level 1:colcon.colcon_core.package_identification:_identify(src/launch) by extensions ['python_setup_py']
[0.608s] Level 1:colcon.colcon_core.package_identification:_identify(src/launch) by extension 'python_setup_py'
[0.608s] Level 1:colcon.colcon_core.package_identification:_identify(src/log) by extensions ['ignore', 'ignore_ament_install']
[0.608s] Level 1:colcon.colcon_core.package_identification:_identify(src/log) by extension 'ignore'
[0.608s] Level 1:colcon.colcon_core.package_identification:_identify(src/log) ignored
[0.608s] Level 1:colcon.colcon_core.package_identification:_identify(src/resource) by extensions ['ignore', 'ignore_ament_install']
[0.609s] Level 1:colcon.colcon_core.package_identification:_identify(src/resource) by extension 'ignore'
[0.609s] Level 1:colcon.colcon_core.package_identification:_identify(src/resource) by extension 'ignore_ament_install'
[0.609s] Level 1:colcon.colcon_core.package_identification:_identify(src/resource) by extensions ['colcon_pkg']
[0.609s] Level 1:colcon.colcon_core.package_identification:_identify(src/resource) by extension 'colcon_pkg'
[0.609s] Level 1:colcon.colcon_core.package_identification:_identify(src/resource) by extensions ['colcon_meta']
[0.609s] Level 1:colcon.colcon_core.package_identification:_identify(src/resource) by extension 'colcon_meta'
[0.609s] Level 1:colcon.colcon_core.package_identification:_identify(src/resource) by extensions ['ros']
[0.609s] Level 1:colcon.colcon_core.package_identification:_identify(src/resource) by extension 'ros'
[0.609s] Level 1:colcon.colcon_core.package_identification:_identify(src/resource) by extensions ['cmake', 'python']
[0.609s] Level 1:colcon.colcon_core.package_identification:_identify(src/resource) by extension 'cmake'
[0.609s] Level 1:colcon.colcon_core.package_identification:_identify(src/resource) by extension 'python'
[0.609s] Level 1:colcon.colcon_core.package_identification:_identify(src/resource) by extensions ['python_setup_py']
[0.609s] Level 1:colcon.colcon_core.package_identification:_identify(src/resource) by extension 'python_setup_py'
[0.609s] Level 1:colcon.colcon_core.package_identification:_identify(src/robot_pick_place_bringup) by extensions ['ignore', 'ignore_ament_install']
[0.609s] Level 1:colcon.colcon_core.package_identification:_identify(src/robot_pick_place_bringup) by extension 'ignore'
[0.609s] Level 1:colcon.colcon_core.package_identification:_identify(src/robot_pick_place_bringup) by extension 'ignore_ament_install'
[0.609s] Level 1:colcon.colcon_core.package_identification:_identify(src/robot_pick_place_bringup) by extensions ['colcon_pkg']
[0.609s] Level 1:colcon.colcon_core.package_identification:_identify(src/robot_pick_place_bringup) by extension 'colcon_pkg'
[0.610s] Level 1:colcon.colcon_core.package_identification:_identify(src/robot_pick_place_bringup) by extensions ['colcon_meta']
[0.610s] Level 1:colcon.colcon_core.package_identification:_identify(src/robot_pick_place_bringup) by extension 'colcon_meta'
[0.610s] Level 1:colcon.colcon_core.package_identification:_identify(src/robot_pick_place_bringup) by extensions ['ros']
[0.610s] Level 1:colcon.colcon_core.package_identification:_identify(src/robot_pick_place_bringup) by extension 'ros'
[0.626s] DEBUG:colcon.colcon_core.package_identification:Package 'src/robot_pick_place_bringup' with type 'ros.ament_python' and name 'robot_pick_place_bringup'
[0.626s] Level 1:colcon.colcon_core.package_identification:_identify(src/robot_pick_place_description) by extensions ['ignore', 'ignore_ament_install']
[0.626s] Level 1:colcon.colcon_core.package_identification:_identify(src/robot_pick_place_description) by extension 'ignore'
[0.626s] Level 1:colcon.colcon_core.package_identification:_identify(src/robot_pick_place_description) by extension 'ignore_ament_install'
[0.626s] Level 1:colcon.colcon_core.package_identification:_identify(src/robot_pick_place_description) by extensions ['colcon_pkg']
[0.626s] Level 1:colcon.colcon_core.package_identification:_identify(src/robot_pick_place_description) by extension 'colcon_pkg'
[0.626s] Level 1:colcon.colcon_core.package_identification:_identify(src/robot_pick_place_description) by extensions ['colcon_meta']
[0.626s] Level 1:colcon.colcon_core.package_identification:_identify(src/robot_pick_place_description) by extension 'colcon_meta'
[0.626s] Level 1:colcon.colcon_core.package_identification:_identify(src/robot_pick_place_description) by extensions ['ros']
[0.626s] Level 1:colcon.colcon_core.package_identification:_identify(src/robot_pick_place_description) by extension 'ros'
[0.627s] DEBUG:colcon.colcon_core.package_identification:Package 'src/robot_pick_place_description' with type 'ros.ament_cmake' and name 'robot_pick_place_description'
[0.627s] Level 1:colcon.colcon_core.package_discovery:discover_packages(recursive) using defaults
[0.627s] Level 1:colcon.colcon_core.package_discovery:discover_packages(ignore) discover
[0.627s] Level 1:colcon.colcon_core.package_discovery:discover_packages(ignore) using defaults
[0.627s] Level 1:colcon.colcon_core.package_discovery:discover_packages(path) discover
[0.627s] Level 1:colcon.colcon_core.package_discovery:discover_packages(path) using defaults
[0.753s] Level 1:colcon.colcon_core.package_discovery:discover_packages(prefix_path) check parameters
[0.753s] Level 1:colcon.colcon_core.package_discovery:discover_packages(prefix_path) discover
[0.756s] WARNING:colcon.colcon_ros.prefix_path.ament:The path '/home/jesvin/robot_pick_place_project/ros2_ws/install/robot_pick_place_bringup' in the environment variable AMENT_PREFIX_PATH doesn't exist
[0.756s] WARNING:colcon.colcon_ros.prefix_path.ament:The path '/home/jesvin/robot_pick_place_project/ros2_ws/install/ur_simulation_gz' in the environment variable AMENT_PREFIX_PATH doesn't exist
[0.756s] WARNING:colcon.colcon_ros.prefix_path.ament:The path '/home/jesvin/robot_pick_place_project/ros2_ws/install/ur_description' in the environment variable AMENT_PREFIX_PATH doesn't exist
[0.756s] WARNING:colcon.colcon_ros.prefix_path.ament:The path '/home/jesvin/robot_pick_place_project/ros2_ws/install/robot_pick_place_description' in the environment variable AMENT_PREFIX_PATH doesn't exist
[0.774s] WARNING:colcon.colcon_ros.prefix_path.catkin:The path '/home/jesvin/robot_pick_place_project/ros2_ws/install/ur_simulation_gz' in the environment variable CMAKE_PREFIX_PATH doesn't exist
[0.774s] WARNING:colcon.colcon_ros.prefix_path.catkin:The path '/home/jesvin/robot_pick_place_project/ros2_ws/install/ur_description' in the environment variable CMAKE_PREFIX_PATH doesn't exist
[0.774s] WARNING:colcon.colcon_ros.prefix_path.catkin:The path '/home/jesvin/robot_pick_place_project/ros2_ws/install/robot_pick_place_description' in the environment variable CMAKE_PREFIX_PATH doesn't exist
[0.779s] DEBUG:colcon.colcon_installed_package_information.package_discovery:Found 0 installed packages in /home/jesvin/robot_pick_place_project/ros2_ws/install
[0.781s] DEBUG:colcon.colcon_installed_package_information.package_discovery:Found 70 installed packages in /home/jesvin/ws_moveit/install
[0.786s] DEBUG:colcon.colcon_installed_package_information.package_discovery:Found 428 installed packages in /opt/ros/jazzy
[0.789s] Level 1:colcon.colcon_core.package_discovery:discover_packages(prefix_path) using defaults
[1.817s] WARNING:colcon.colcon_core.package_selection:Some selected packages are already built in one or more underlay workspaces:
	'ur_description' is in: /opt/ros/jazzy
If a package in a merged underlay workspace is overridden and it installs headers, then all packages in the overlay must sort their include directories by workspace order. Failure to do so may result in build failures or undefined behavior at run time.
If the overridden package is used by another package in any underlay, then the overriding package in the overlay must be API and ABI compatible or undefined behavior at run time may occur.

If you understand the risks and want to override a package anyways, add the following to the command line:
	--allow-overriding ur_description

This may be promoted to an error in a future release of colcon-override-check.
[1.819s] Level 5:colcon.colcon_core.verb:set package 'robot_pick_place_description' build argument 'cmake_args' from command line to 'None'
[1.819s] Level 5:colcon.colcon_core.verb:set package 'robot_pick_place_description' build argument 'cmake_target' from command line to 'None'
[1.819s] Level 5:colcon.colcon_core.verb:set package 'robot_pick_place_description' build argument 'cmake_target_skip_unavailable' from command line to 'False'
[1.819s] Level 5:colcon.colcon_core.verb:set package 'robot_pick_place_description' build argument 'cmake_clean_cache' from command line to 'False'
[1.819s] Level 5:colcon.colcon_core.verb:set package 'robot_pick_place_description' build argument 'cmake_clean_first' from command line to 'False'
[1.819s] Level 5:colcon.colcon_core.verb:set package 'robot_pick_place_description' build argument 'cmake_force_configure' from command line to 'False'
[1.819s] Level 5:colcon.colcon_core.verb:set package 'robot_pick_place_description' build argument 'ament_cmake_args' from command line to 'None'
[1.819s] Level 5:colcon.colcon_core.verb:set package 'robot_pick_place_description' build argument 'catkin_cmake_args' from command line to 'None'
[1.819s] Level 5:colcon.colcon_core.verb:set package 'robot_pick_place_description' build argument 'catkin_skip_building_tests' from command line to 'False'
[1.819s] DEBUG:colcon.colcon_core.verb:Building package 'robot_pick_place_description' with the following arguments: {'ament_cmake_args': None, 'build_base': '/home/jesvin/robot_pick_place_project/ros2_ws/build/robot_pick_place_description', 'catkin_cmake_args': None, 'catkin_skip_building_tests': False, 'cmake_args': None, 'cmake_clean_cache': False, 'cmake_clean_first': False, 'cmake_force_configure': False, 'cmake_target': None, 'cmake_target_skip_unavailable': False, 'install_base': '/home/jesvin/robot_pick_place_project/ros2_ws/install/robot_pick_place_description', 'merge_install': False, 'path': '/home/jesvin/robot_pick_place_project/ros2_ws/src/robot_pick_place_description', 'symlink_install': False, 'test_result_base': None}
[1.819s] Level 5:colcon.colcon_core.verb:set package 'ur_description' build argument 'cmake_args' from command line to 'None'
[1.819s] Level 5:colcon.colcon_core.verb:set package 'ur_description' build argument 'cmake_target' from command line to 'None'
[1.819s] Level 5:colcon.colcon_core.verb:set package 'ur_description' build argument 'cmake_target_skip_unavailable' from command line to 'False'
[1.819s] Level 5:colcon.colcon_core.verb:set package 'ur_description' build argument 'cmake_clean_cache' from command line to 'False'
[1.819s] Level 5:colcon.colcon_core.verb:set package 'ur_description' build argument 'cmake_clean_first' from command line to 'False'
[1.819s] Level 5:colcon.colcon_core.verb:set package 'ur_description' build argument 'cmake_force_configure' from command line to 'False'
[1.819s] Level 5:colcon.colcon_core.verb:set package 'ur_description' build argument 'ament_cmake_args' from command line to 'None'
[1.820s] Level 5:colcon.colcon_core.verb:set package 'ur_description' build argument 'catkin_cmake_args' from command line to 'None'
[1.820s] Level 5:colcon.colcon_core.verb:set package 'ur_description' build argument 'catkin_skip_building_tests' from command line to 'False'
[1.820s] DEBUG:colcon.colcon_core.verb:Building package 'ur_description' with the following arguments: {'ament_cmake_args': None, 'build_base': '/home/jesvin/robot_pick_place_project/ros2_ws/build/ur_description', 'catkin_cmake_args': None, 'catkin_skip_building_tests': False, 'cmake_args': None, 'cmake_clean_cache': False, 'cmake_clean_first': False, 'cmake_force_configure': False, 'cmake_target': None, 'cmake_target_skip_unavailable': False, 'install_base': '/home/jesvin/robot_pick_place_project/ros2_ws/install/ur_description', 'merge_install': False, 'path': '/home/jesvin/robot_pick_place_project/ros2_ws/Universal_Robots_ROS2_Description', 'symlink_install': False, 'test_result_base': None}
[1.820s] Level 5:colcon.colcon_core.verb:set package 'ur_simulation_gz' build argument 'cmake_args' from command line to 'None'
[1.820s] Level 5:colcon.colcon_core.verb:set package 'ur_simulation_gz' build argument 'cmake_target' from command line to 'None'
[1.820s] Level 5:colcon.colcon_core.verb:set package 'ur_simulation_gz' build argument 'cmake_target_skip_unavailable' from command line to 'False'
[1.820s] Level 5:colcon.colcon_core.verb:set package 'ur_simulation_gz' build argument 'cmake_clean_cache' from command line to 'False'
[1.820s] Level 5:colcon.colcon_core.verb:set package 'ur_simulation_gz' build argument 'cmake_clean_first' from command line to 'False'
[1.820s] Level 5:colcon.colcon_core.verb:set package 'ur_simulation_gz' build argument 'cmake_force_configure' from command line to 'False'
[1.820s] Level 5:colcon.colcon_core.verb:set package 'ur_simulation_gz' build argument 'ament_cmake_args' from command line to 'None'
[1.820s] Level 5:colcon.colcon_core.verb:set package 'ur_simulation_gz' build argument 'catkin_cmake_args' from command line to 'None'
[1.820s] Level 5:colcon.colcon_core.verb:set package 'ur_simulation_gz' build argument 'catkin_skip_building_tests' from command line to 'False'
[1.820s] DEBUG:colcon.colcon_core.verb:Building package 'ur_simulation_gz' with the following arguments: {'ament_cmake_args': None, 'build_base': '/home/jesvin/robot_pick_place_project/ros2_ws/build/ur_simulation_gz', 'catkin_cmake_args': None, 'catkin_skip_building_tests': False, 'cmake_args': None, 'cmake_clean_cache': False, 'cmake_clean_first': False, 'cmake_force_configure': False, 'cmake_target': None, 'cmake_target_skip_unavailable': False, 'install_base': '/home/jesvin/robot_pick_place_project/ros2_ws/install/ur_simulation_gz', 'merge_install': False, 'path': '/home/jesvin/robot_pick_place_project/ros2_ws/Universal_Robots_ROS2_GZ_Simulation/ur_simulation_gz', 'symlink_install': False, 'test_result_base': None}
[1.820s] Level 5:colcon.colcon_core.verb:set package 'robot_pick_place_bringup' build argument 'cmake_args' from command line to 'None'
[1.820s] Level 5:colcon.colcon_core.verb:set package 'robot_pick_place_bringup' build argument 'cmake_target' from command line to 'None'
[1.820s] Level 5:colcon.colcon_core.verb:set package 'robot_pick_place_bringup' build argument 'cmake_target_skip_unavailable' from command line to 'False'
[1.820s] Level 5:colcon.colcon_core.verb:set package 'robot_pick_place_bringup' build argument 'cmake_clean_cache' from command line to 'False'
[1.820s] Level 5:colcon.colcon_core.verb:set package 'robot_pick_place_bringup' build argument 'cmake_clean_first' from command line to 'False'
[1.820s] Level 5:colcon.colcon_core.verb:set package 'robot_pick_place_bringup' build argument 'cmake_force_configure' from command line to 'False'
[1.820s] Level 5:colcon.colcon_core.verb:set package 'robot_pick_place_bringup' build argument 'ament_cmake_args' from command line to 'None'
[1.820s] Level 5:colcon.colcon_core.verb:set package 'robot_pick_place_bringup' build argument 'catkin_cmake_args' from command line to 'None'
[1.820s] Level 5:colcon.colcon_core.verb:set package 'robot_pick_place_bringup' build argument 'catkin_skip_building_tests' from command line to 'False'
[1.820s] DEBUG:colcon.colcon_core.verb:Building package 'robot_pick_place_bringup' with the following arguments: {'ament_cmake_args': None, 'build_base': '/home/jesvin/robot_pick_place_project/ros2_ws/build/robot_pick_place_bringup', 'catkin_cmake_args': None, 'catkin_skip_building_tests': False, 'cmake_args': None, 'cmake_clean_cache': False, 'cmake_clean_first': False, 'cmake_force_configure': False, 'cmake_target': None, 'cmake_target_skip_unavailable': False, 'install_base': '/home/jesvin/robot_pick_place_project/ros2_ws/install/robot_pick_place_bringup', 'merge_install': False, 'path': '/home/jesvin/robot_pick_place_project/ros2_ws/src/robot_pick_place_bringup', 'symlink_install': False, 'test_result_base': None}
[1.821s] INFO:colcon.colcon_core.executor:Executing jobs using 'parallel' executor
[1.821s] DEBUG:colcon.colcon_parallel_executor.executor.parallel:run_until_complete
[1.822s] INFO:colcon.colcon_ros.task.ament_cmake.build:Building ROS package in '/home/jesvin/robot_pick_place_project/ros2_ws/Universal_Robots_ROS2_Description' with build type 'ament_cmake'
[1.822s] INFO:colcon.colcon_cmake.task.cmake.build:Building CMake package in '/home/jesvin/robot_pick_place_project/ros2_ws/Universal_Robots_ROS2_Description'
[1.868s] INFO:colcon.colcon_core.plugin_system:Skipping extension 'colcon_core.shell.bat': Not used on non-Windows systems
[1.868s] INFO:colcon.colcon_core.shell:Skip shell extension 'powershell' for command environment: Not usable outside of PowerShell
[1.868s] DEBUG:colcon.colcon_core.shell:Skip shell extension 'dsv' for command environment
[1.878s] INFO:colcon.colcon_ros.task.ament_cmake.build:Building ROS package in '/home/jesvin/robot_pick_place_project/ros2_ws/src/robot_pick_place_description' with build type 'ament_cmake'
[1.878s] INFO:colcon.colcon_cmake.task.cmake.build:Building CMake package in '/home/jesvin/robot_pick_place_project/ros2_ws/src/robot_pick_place_description'
[1.879s] INFO:colcon.colcon_core.shell:Skip shell extension 'powershell' for command environment: Not usable outside of PowerShell
[1.879s] DEBUG:colcon.colcon_core.shell:Skip shell extension 'dsv' for command environment
[1.894s] DEBUG:colcon.colcon_core.event_handler.log_command:Invoking command in '/home/jesvin/robot_pick_place_project/ros2_ws/build/ur_description': CMAKE_PREFIX_PATH=${CMAKE_PREFIX_PATH}:/home/jesvin/robot_pick_place_project/ros2_ws/install/robot_pick_place_bringup:/home/jesvin/ws_moveit/install/moveit_configs_utils:/opt/ros/jazzy DEBUGINFOD_URLS=https://debuginfod.ubuntu.com /usr/bin/cmake /home/jesvin/robot_pick_place_project/ros2_ws/Universal_Robots_ROS2_Description -DCMAKE_INSTALL_PREFIX=/home/jesvin/robot_pick_place_project/ros2_ws/install/ur_description
[1.917s] DEBUG:colcon.colcon_core.event_handler.log_command:Invoking command in '/home/jesvin/robot_pick_place_project/ros2_ws/build/robot_pick_place_description': CMAKE_PREFIX_PATH=${CMAKE_PREFIX_PATH}:/home/jesvin/robot_pick_place_project/ros2_ws/install/robot_pick_place_bringup:/home/jesvin/ws_moveit/install/moveit_configs_utils:/opt/ros/jazzy DEBUGINFOD_URLS=https://debuginfod.ubuntu.com /usr/bin/cmake /home/jesvin/robot_pick_place_project/ros2_ws/src/robot_pick_place_description -DCMAKE_INSTALL_PREFIX=/home/jesvin/robot_pick_place_project/ros2_ws/install/robot_pick_place_description
[5.697s] DEBUG:colcon.colcon_core.event_handler.log_command:Invoked command in '/home/jesvin/robot_pick_place_project/ros2_ws/build/robot_pick_place_description' returned '0': CMAKE_PREFIX_PATH=${CMAKE_PREFIX_PATH}:/home/jesvin/robot_pick_place_project/ros2_ws/install/robot_pick_place_bringup:/home/jesvin/ws_moveit/install/moveit_configs_utils:/opt/ros/jazzy DEBUGINFOD_URLS=https://debuginfod.ubuntu.com /usr/bin/cmake /home/jesvin/robot_pick_place_project/ros2_ws/src/robot_pick_place_description -DCMAKE_INSTALL_PREFIX=/home/jesvin/robot_pick_place_project/ros2_ws/install/robot_pick_place_description
[5.699s] DEBUG:colcon.colcon_core.event_handler.log_command:Invoking command in '/home/jesvin/robot_pick_place_project/ros2_ws/build/robot_pick_place_description': CMAKE_PREFIX_PATH=${CMAKE_PREFIX_PATH}:/home/jesvin/robot_pick_place_project/ros2_ws/install/robot_pick_place_bringup:/home/jesvin/ws_moveit/install/moveit_configs_utils:/opt/ros/jazzy DEBUGINFOD_URLS=https://debuginfod.ubuntu.com /usr/bin/cmake --build /home/jesvin/robot_pick_place_project/ros2_ws/build/robot_pick_place_description -- -j8 -l8
[5.748s] DEBUG:colcon.colcon_core.event_handler.log_command:Invoked command in '/home/jesvin/robot_pick_place_project/ros2_ws/build/robot_pick_place_description' returned '0': CMAKE_PREFIX_PATH=${CMAKE_PREFIX_PATH}:/home/jesvin/robot_pick_place_project/ros2_ws/install/robot_pick_place_bringup:/home/jesvin/ws_moveit/install/moveit_configs_utils:/opt/ros/jazzy DEBUGINFOD_URLS=https://debuginfod.ubuntu.com /usr/bin/cmake --build /home/jesvin/robot_pick_place_project/ros2_ws/build/robot_pick_place_description -- -j8 -l8
[5.760s] DEBUG:colcon.colcon_core.event_handler.log_command:Invoking command in '/home/jesvin/robot_pick_place_project/ros2_ws/build/robot_pick_place_description': CMAKE_PREFIX_PATH=${CMAKE_PREFIX_PATH}:/home/jesvin/robot_pick_place_project/ros2_ws/install/robot_pick_place_bringup:/home/jesvin/ws_moveit/install/moveit_configs_utils:/opt/ros/jazzy DEBUGINFOD_URLS=https://debuginfod.ubuntu.com /usr/bin/cmake --install /home/jesvin/robot_pick_place_project/ros2_ws/build/robot_pick_place_description
[5.868s] Level 1:colcon.colcon_core.environment:create_environment_scripts_only(robot_pick_place_description)
[5.868s] DEBUG:colcon.colcon_core.event_handler.log_command:Invoked command in '/home/jesvin/robot_pick_place_project/ros2_ws/build/robot_pick_place_description' returned '0': CMAKE_PREFIX_PATH=${CMAKE_PREFIX_PATH}:/home/jesvin/robot_pick_place_project/ros2_ws/install/robot_pick_place_bringup:/home/jesvin/ws_moveit/install/moveit_configs_utils:/opt/ros/jazzy DEBUGINFOD_URLS=https://debuginfod.ubuntu.com /usr/bin/cmake --install /home/jesvin/robot_pick_place_project/ros2_ws/build/robot_pick_place_description
[5.950s] Level 1:colcon.colcon_core.environment:checking '/home/jesvin/robot_pick_place_project/ros2_ws/install/robot_pick_place_description' for CMake module files
[5.951s] Level 1:colcon.colcon_core.environment:checking '/home/jesvin/robot_pick_place_project/ros2_ws/install/robot_pick_place_description' for CMake config files
[5.952s] Level 1:colcon.colcon_core.shell:create_environment_hook('robot_pick_place_description', 'cmake_prefix_path')
[5.952s] INFO:colcon.colcon_core.shell:Creating environment hook '/home/jesvin/robot_pick_place_project/ros2_ws/install/robot_pick_place_description/share/robot_pick_place_description/hook/cmake_prefix_path.ps1'
[5.962s] INFO:colcon.colcon_core.shell:Creating environment descriptor '/home/jesvin/robot_pick_place_project/ros2_ws/install/robot_pick_place_description/share/robot_pick_place_description/hook/cmake_prefix_path.dsv'
[5.970s] INFO:colcon.colcon_core.shell:Creating environment hook '/home/jesvin/robot_pick_place_project/ros2_ws/install/robot_pick_place_description/share/robot_pick_place_description/hook/cmake_prefix_path.sh'
[5.971s] Level 1:colcon.colcon_core.environment:checking '/home/jesvin/robot_pick_place_project/ros2_ws/install/robot_pick_place_description/bin'
[5.971s] Level 1:colcon.colcon_core.environment:checking '/home/jesvin/robot_pick_place_project/ros2_ws/install/robot_pick_place_description/lib/pkgconfig/robot_pick_place_description.pc'
[5.971s] Level 1:colcon.colcon_core.environment:checking '/home/jesvin/robot_pick_place_project/ros2_ws/install/robot_pick_place_description/lib/python3.12/site-packages'
[5.972s] Level 1:colcon.colcon_core.environment:checking '/home/jesvin/robot_pick_place_project/ros2_ws/install/robot_pick_place_description/bin'
[5.972s] INFO:colcon.colcon_core.shell:Creating package script '/home/jesvin/robot_pick_place_project/ros2_ws/install/robot_pick_place_description/share/robot_pick_place_description/package.ps1'
[5.973s] INFO:colcon.colcon_core.shell:Creating package descriptor '/home/jesvin/robot_pick_place_project/ros2_ws/install/robot_pick_place_description/share/robot_pick_place_description/package.dsv'
[5.974s] INFO:colcon.colcon_core.shell:Creating package script '/home/jesvin/robot_pick_place_project/ros2_ws/install/robot_pick_place_description/share/robot_pick_place_description/package.sh'
[5.975s] INFO:colcon.colcon_core.shell:Creating package script '/home/jesvin/robot_pick_place_project/ros2_ws/install/robot_pick_place_description/share/robot_pick_place_description/package.bash'
[6.012s] INFO:colcon.colcon_core.shell:Creating package script '/home/jesvin/robot_pick_place_project/ros2_ws/install/robot_pick_place_description/share/robot_pick_place_description/package.zsh'
[6.015s] Level 1:colcon.colcon_core.environment:create_file_with_runtime_dependencies(/home/jesvin/robot_pick_place_project/ros2_ws/install/robot_pick_place_description/share/colcon-core/packages/robot_pick_place_description)
[6.015s] Level 1:colcon.colcon_core.environment:create_environment_scripts_only(robot_pick_place_description)
[6.015s] Level 1:colcon.colcon_core.environment:checking '/home/jesvin/robot_pick_place_project/ros2_ws/install/robot_pick_place_description' for CMake module files
[6.016s] Level 1:colcon.colcon_core.environment:checking '/home/jesvin/robot_pick_place_project/ros2_ws/install/robot_pick_place_description' for CMake config files
[6.016s] Level 1:colcon.colcon_core.shell:create_environment_hook('robot_pick_place_description', 'cmake_prefix_path')
[6.016s] INFO:colcon.colcon_core.shell:Creating environment hook '/home/jesvin/robot_pick_place_project/ros2_ws/install/robot_pick_place_description/share/robot_pick_place_description/hook/cmake_prefix_path.ps1'
[6.017s] INFO:colcon.colcon_core.shell:Creating environment descriptor '/home/jesvin/robot_pick_place_project/ros2_ws/install/robot_pick_place_description/share/robot_pick_place_description/hook/cmake_prefix_path.dsv'
[6.017s] INFO:colcon.colcon_core.shell:Creating environment hook '/home/jesvin/robot_pick_place_project/ros2_ws/install/robot_pick_place_description/share/robot_pick_place_description/hook/cmake_prefix_path.sh'
[6.017s] Level 1:colcon.colcon_core.environment:checking '/home/jesvin/robot_pick_place_project/ros2_ws/install/robot_pick_place_description/bin'
[6.017s] Level 1:colcon.colcon_core.environment:checking '/home/jesvin/robot_pick_place_project/ros2_ws/install/robot_pick_place_description/lib/pkgconfig/robot_pick_place_description.pc'
[6.017s] Level 1:colcon.colcon_core.environment:checking '/home/jesvin/robot_pick_place_project/ros2_ws/install/robot_pick_place_description/lib/python3.12/site-packages'
[6.018s] Level 1:colcon.colcon_core.environment:checking '/home/jesvin/robot_pick_place_project/ros2_ws/install/robot_pick_place_description/bin'
[6.018s] INFO:colcon.colcon_core.shell:Creating package script '/home/jesvin/robot_pick_place_project/ros2_ws/install/robot_pick_place_description/share/robot_pick_place_description/package.ps1'
[6.018s] INFO:colcon.colcon_core.shell:Creating package descriptor '/home/jesvin/robot_pick_place_project/ros2_ws/install/robot_pick_place_description/share/robot_pick_place_description/package.dsv'
[6.019s] INFO:colcon.colcon_core.shell:Creating package script '/home/jesvin/robot_pick_place_project/ros2_ws/install/robot_pick_place_description/share/robot_pick_place_description/package.sh'
[6.019s] INFO:colcon.colcon_core.shell:Creating package script '/home/jesvin/robot_pick_place_project/ros2_ws/install/robot_pick_place_description/share/robot_pick_place_description/package.bash'
[6.019s] INFO:colcon.colcon_core.shell:Creating package script '/home/jesvin/robot_pick_place_project/ros2_ws/install/robot_pick_place_description/share/robot_pick_place_description/package.zsh'
[6.020s] Level 1:colcon.colcon_core.environment:create_file_with_runtime_dependencies(/home/jesvin/robot_pick_place_project/ros2_ws/install/robot_pick_place_description/share/colcon-core/packages/robot_pick_place_description)
[7.302s] DEBUG:colcon.colcon_core.event_handler.log_command:Invoked command in '/home/jesvin/robot_pick_place_project/ros2_ws/build/ur_description' returned '0': CMAKE_PREFIX_PATH=${CMAKE_PREFIX_PATH}:/home/jesvin/robot_pick_place_project/ros2_ws/install/robot_pick_place_bringup:/home/jesvin/ws_moveit/install/moveit_configs_utils:/opt/ros/jazzy DEBUGINFOD_URLS=https://debuginfod.ubuntu.com /usr/bin/cmake /home/jesvin/robot_pick_place_project/ros2_ws/Universal_Robots_ROS2_Description -DCMAKE_INSTALL_PREFIX=/home/jesvin/robot_pick_place_project/ros2_ws/install/ur_description
[7.303s] DEBUG:colcon.colcon_core.event_handler.log_command:Invoking command in '/home/jesvin/robot_pick_place_project/ros2_ws/build/ur_description': CMAKE_PREFIX_PATH=${CMAKE_PREFIX_PATH}:/home/jesvin/robot_pick_place_project/ros2_ws/install/robot_pick_place_bringup:/home/jesvin/ws_moveit/install/moveit_configs_utils:/opt/ros/jazzy DEBUGINFOD_URLS=https://debuginfod.ubuntu.com /usr/bin/cmake --build /home/jesvin/robot_pick_place_project/ros2_ws/build/ur_description -- -j8 -l8
[7.355s] DEBUG:colcon.colcon_core.event_handler.log_command:Invoked command in '/home/jesvin/robot_pick_place_project/ros2_ws/build/ur_description' returned '0': CMAKE_PREFIX_PATH=${CMAKE_PREFIX_PATH}:/home/jesvin/robot_pick_place_project/ros2_ws/install/robot_pick_place_bringup:/home/jesvin/ws_moveit/install/moveit_configs_utils:/opt/ros/jazzy DEBUGINFOD_URLS=https://debuginfod.ubuntu.com /usr/bin/cmake --build /home/jesvin/robot_pick_place_project/ros2_ws/build/ur_description -- -j8 -l8
[7.357s] DEBUG:colcon.colcon_core.event_handler.log_command:Invoking command in '/home/jesvin/robot_pick_place_project/ros2_ws/build/ur_description': CMAKE_PREFIX_PATH=${CMAKE_PREFIX_PATH}:/home/jesvin/robot_pick_place_project/ros2_ws/install/robot_pick_place_bringup:/home/jesvin/ws_moveit/install/moveit_configs_utils:/opt/ros/jazzy DEBUGINFOD_URLS=https://debuginfod.ubuntu.com /usr/bin/cmake --install /home/jesvin/robot_pick_place_project/ros2_ws/build/ur_description
[8.340s] Level 1:colcon.colcon_core.environment:create_environment_scripts_only(ur_description)
[8.340s] DEBUG:colcon.colcon_core.event_handler.log_command:Invoked command in '/home/jesvin/robot_pick_place_project/ros2_ws/build/ur_description' returned '0': CMAKE_PREFIX_PATH=${CMAKE_PREFIX_PATH}:/home/jesvin/robot_pick_place_project/ros2_ws/install/robot_pick_place_bringup:/home/jesvin/ws_moveit/install/moveit_configs_utils:/opt/ros/jazzy DEBUGINFOD_URLS=https://debuginfod.ubuntu.com /usr/bin/cmake --install /home/jesvin/robot_pick_place_project/ros2_ws/build/ur_description
[8.340s] Level 1:colcon.colcon_core.environment:checking '/home/jesvin/robot_pick_place_project/ros2_ws/install/ur_description' for CMake module files
[8.341s] Level 1:colcon.colcon_core.environment:checking '/home/jesvin/robot_pick_place_project/ros2_ws/install/ur_description' for CMake config files
[8.341s] Level 1:colcon.colcon_core.shell:create_environment_hook('ur_description', 'cmake_prefix_path')
[8.341s] INFO:colcon.colcon_core.shell:Creating environment hook '/home/jesvin/robot_pick_place_project/ros2_ws/install/ur_description/share/ur_description/hook/cmake_prefix_path.ps1'
[8.341s] INFO:colcon.colcon_core.shell:Creating environment descriptor '/home/jesvin/robot_pick_place_project/ros2_ws/install/ur_description/share/ur_description/hook/cmake_prefix_path.dsv'
[8.342s] INFO:colcon.colcon_core.shell:Creating environment hook '/home/jesvin/robot_pick_place_project/ros2_ws/install/ur_description/share/ur_description/hook/cmake_prefix_path.sh'
[8.342s] Level 1:colcon.colcon_core.environment:checking '/home/jesvin/robot_pick_place_project/ros2_ws/install/ur_description/bin'
[8.342s] Level 1:colcon.colcon_core.environment:checking '/home/jesvin/robot_pick_place_project/ros2_ws/install/ur_description/lib/pkgconfig/ur_description.pc'
[8.342s] Level 1:colcon.colcon_core.environment:checking '/home/jesvin/robot_pick_place_project/ros2_ws/install/ur_description/lib/python3.12/site-packages'
[8.343s] Level 1:colcon.colcon_core.environment:checking '/home/jesvin/robot_pick_place_project/ros2_ws/install/ur_description/bin'
[8.343s] INFO:colcon.colcon_core.shell:Creating package script '/home/jesvin/robot_pick_place_project/ros2_ws/install/ur_description/share/ur_description/package.ps1'
[8.343s] INFO:colcon.colcon_core.shell:Creating package descriptor '/home/jesvin/robot_pick_place_project/ros2_ws/install/ur_description/share/ur_description/package.dsv'
[8.344s] INFO:colcon.colcon_core.shell:Creating package script '/home/jesvin/robot_pick_place_project/ros2_ws/install/ur_description/share/ur_description/package.sh'
[8.344s] INFO:colcon.colcon_core.shell:Creating package script '/home/jesvin/robot_pick_place_project/ros2_ws/install/ur_description/share/ur_description/package.bash'
[8.344s] INFO:colcon.colcon_core.shell:Creating package script '/home/jesvin/robot_pick_place_project/ros2_ws/install/ur_description/share/ur_description/package.zsh'
[8.344s] Level 1:colcon.colcon_core.environment:create_file_with_runtime_dependencies(/home/jesvin/robot_pick_place_project/ros2_ws/install/ur_description/share/colcon-core/packages/ur_description)
[8.345s] Level 1:colcon.colcon_core.environment:create_environment_scripts_only(ur_description)
[8.345s] Level 1:colcon.colcon_core.environment:checking '/home/jesvin/robot_pick_place_project/ros2_ws/install/ur_description' for CMake module files
[8.345s] Level 1:colcon.colcon_core.environment:checking '/home/jesvin/robot_pick_place_project/ros2_ws/install/ur_description' for CMake config files
[8.346s] Level 1:colcon.colcon_core.shell:create_environment_hook('ur_description', 'cmake_prefix_path')
[8.346s] INFO:colcon.colcon_core.shell:Creating environment hook '/home/jesvin/robot_pick_place_project/ros2_ws/install/ur_description/share/ur_description/hook/cmake_prefix_path.ps1'
[8.346s] INFO:colcon.colcon_core.shell:Creating environment descriptor '/home/jesvin/robot_pick_place_project/ros2_ws/install/ur_description/share/ur_description/hook/cmake_prefix_path.dsv'
[8.346s] INFO:colcon.colcon_core.shell:Creating environment hook '/home/jesvin/robot_pick_place_project/ros2_ws/install/ur_description/share/ur_description/hook/cmake_prefix_path.sh'
[8.347s] Level 1:colcon.colcon_core.environment:checking '/home/jesvin/robot_pick_place_project/ros2_ws/install/ur_description/bin'
[8.347s] Level 1:colcon.colcon_core.environment:checking '/home/jesvin/robot_pick_place_project/ros2_ws/install/ur_description/lib/pkgconfig/ur_description.pc'
[8.347s] Level 1:colcon.colcon_core.environment:checking '/home/jesvin/robot_pick_place_project/ros2_ws/install/ur_description/lib/python3.12/site-packages'
[8.347s] Level 1:colcon.colcon_core.environment:checking '/home/jesvin/robot_pick_place_project/ros2_ws/install/ur_description/bin'
[8.347s] INFO:colcon.colcon_core.shell:Creating package script '/home/jesvin/robot_pick_place_project/ros2_ws/install/ur_description/share/ur_description/package.ps1'
[8.348s] INFO:colcon.colcon_core.shell:Creating package descriptor '/home/jesvin/robot_pick_place_project/ros2_ws/install/ur_description/share/ur_description/package.dsv'
[8.348s] INFO:colcon.colcon_core.shell:Creating package script '/home/jesvin/robot_pick_place_project/ros2_ws/install/ur_description/share/ur_description/package.sh'
[8.348s] INFO:colcon.colcon_core.shell:Creating package script '/home/jesvin/robot_pick_place_project/ros2_ws/install/ur_description/share/ur_description/package.bash'
[8.349s] INFO:colcon.colcon_core.shell:Creating package script '/home/jesvin/robot_pick_place_project/ros2_ws/install/ur_description/share/ur_description/package.zsh'
[8.349s] Level 1:colcon.colcon_core.environment:create_file_with_runtime_dependencies(/home/jesvin/robot_pick_place_project/ros2_ws/install/ur_description/share/colcon-core/packages/ur_description)
[8.349s] INFO:colcon.colcon_ros.task.ament_cmake.build:Building ROS package in '/home/jesvin/robot_pick_place_project/ros2_ws/Universal_Robots_ROS2_GZ_Simulation/ur_simulation_gz' with build type 'ament_cmake'
[8.349s] INFO:colcon.colcon_cmake.task.cmake.build:Building CMake package in '/home/jesvin/robot_pick_place_project/ros2_ws/Universal_Robots_ROS2_GZ_Simulation/ur_simulation_gz'
[8.350s] INFO:colcon.colcon_core.shell:Skip shell extension 'powershell' for command environment: Not usable outside of PowerShell
[8.350s] DEBUG:colcon.colcon_core.shell:Skip shell extension 'dsv' for command environment
[8.374s] DEBUG:colcon.colcon_core.event_handler.log_command:Invoking command in '/home/jesvin/robot_pick_place_project/ros2_ws/build/ur_simulation_gz': CMAKE_PREFIX_PATH=/home/jesvin/robot_pick_place_project/ros2_ws/install/ur_description:/home/jesvin/robot_pick_place_project/ros2_ws/install/ur_simulation_gz:/home/jesvin/robot_pick_place_project/ros2_ws/install/robot_pick_place_description:/home/jesvin/ws_moveit/install/robotiq_hardware_tests:/home/jesvin/ws_moveit/install/robotiq_driver:/home/jesvin/ws_moveit/install/serial:/home/jesvin/ws_moveit/install/moveit2_tutorials:/home/jesvin/ws_moveit/install/moveit_visual_tools:/home/jesvin/ws_moveit/install/rviz_visual_tools:/home/jesvin/ws_moveit/install/moveit_task_constructor_demo:/home/jesvin/ws_moveit/install/moveit_task_constructor_visualization:/home/jesvin/ws_moveit/install/moveit_task_constructor_capabilities:/home/jesvin/ws_moveit/install/moveit_task_constructor_core:/home/jesvin/ws_moveit/install/rviz_marker_tools:/home/jesvin/ws_moveit/install/kortex_bringup:/home/jesvin/ws_moveit/install/kinova_gen3_lite_moveit_config:/home/jesvin/ws_moveit/install/kinova_gen3_7dof_robotiq_2f_85_moveit_config:/home/jesvin/ws_moveit/install/kinova_gen3_6dof_robotiq_2f_85_moveit_config:/home/jesvin/ws_moveit/install/kortex_description:/home/jesvin/ws_moveit/install/robotiq_description:/home/jesvin/ws_moveit/install/robotiq_controllers:/home/jesvin/ws_moveit/install/pilz_industrial_motion_planner_testutils:/home/jesvin/ws_moveit/install/moveit_runtime:/home/jesvin/ws_moveit/install/moveit:/home/jesvin/ws_moveit/install/moveit_planners:/home/jesvin/ws_moveit/install/pilz_industrial_motion_planner:/home/jesvin/ws_moveit/install/moveit_task_constructor_msgs:/home/jesvin/ws_moveit/install/moveit_ros_control_interface:/home/jesvin/ws_moveit/install/moveit_plugins:/home/jesvin/ws_moveit/install/moveit_simple_controller_manager:/home/jesvin/ws_moveit/install/moveit_setup_assistant:/home/jesvin/ws_moveit/install/moveit_setup_srdf_plugins:/home/jesvin/ws_moveit/install/moveit_setup_core_plugins:/home/jesvin/ws_moveit/install/moveit_setup_controllers:/home/jesvin/ws_moveit/install/moveit_setup_app_plugins:/home/jesvin/ws_moveit/install/moveit_setup_framework:/home/jesvin/ws_moveit/install/moveit_servo:/home/jesvin/ws_moveit/install/moveit_ros_trajectory_cache:/home/jesvin/ws_moveit/install/moveit_ros:/home/jesvin/ws_moveit/install/moveit_ros_visualization:/home/jesvin/ws_moveit/install/moveit_py:/home/jesvin/ws_moveit/install/moveit_hybrid_planning:/home/jesvin/ws_moveit/install/moveit_ros_planning_interface:/home/jesvin/ws_moveit/install/moveit_ros_benchmarks:/home/jesvin/ws_moveit/install/moveit_ros_warehouse:/home/jesvin/ws_moveit/install/moveit_ros_robot_interaction:/home/jesvin/ws_moveit/install/moveit_ros_perception:/home/jesvin/ws_moveit/install/moveit_resources_prbt_pg70_support:/home/jesvin/ws_moveit/install/moveit_resources_prbt_moveit_config:/home/jesvin/ws_moveit/install/moveit_ros_move_group:/home/jesvin/ws_moveit/install/moveit_planners_ompl:/home/jesvin/ws_moveit/install/moveit_kinematics:/home/jesvin/ws_moveit/install/moveit_ros_planning:/home/jesvin/ws_moveit/install/moveit_ros_occupancy_map_monitor:/home/jesvin/ws_moveit/install/moveit_resources_prbt_support:/home/jesvin/ws_moveit/install/moveit_resources_prbt_ikfast_manipulator_plugin:/home/jesvin/ws_moveit/install/moveit_resources:/home/jesvin/ws_moveit/install/moveit_resources_pr2_description:/home/jesvin/ws_moveit/install/moveit_resources_panda_moveit_config:/home/jesvin/ws_moveit/install/dual_arm_panda_moveit_config:/home/jesvin/ws_moveit/install/moveit_resources_panda_description:/home/jesvin/ws_moveit/install/moveit_resources_fanuc_moveit_config:/home/jesvin/ws_moveit/install/moveit_resources_fanuc_description:/home/jesvin/ws_moveit/install/moveit_planners_stomp:/home/jesvin/ws_moveit/install/moveit_planners_chomp:/home/jesvin/ws_moveit/install/chomp_motion_planner:/home/jesvin/ws_moveit/install/moveit_core:/home/jesvin/ws_moveit/install/moveit_msgs:/home/jesvin/ws_moveit/install/moveit_common:/home/jesvin/ws_moveit/install/kortex_driver:/home/jesvin/ws_moveit/install/kortex_api:/opt/ros/jazzy/opt/gz_sim_vendor:/opt/ros/jazzy/opt/gz_sensors_vendor:/opt/ros/jazzy/opt/gz_physics_vendor:/opt/ros/jazzy/opt/sdformat_vendor:/opt/ros/jazzy/opt/gz_gui_vendor:/opt/ros/jazzy/opt/gz_transport_vendor:/opt/ros/jazzy/opt/gz_rendering_vendor:/opt/ros/jazzy/opt/gz_plugin_vendor:/opt/ros/jazzy/opt/gz_fuel_tools_vendor:/opt/ros/jazzy/opt/gz_msgs_vendor:/opt/ros/jazzy/opt/gz_common_vendor:/opt/ros/jazzy/opt/gz_math_vendor:/opt/ros/jazzy/opt/gz_utils_vendor:/opt/ros/jazzy/opt/gz_tools_vendor:/opt/ros/jazzy/opt/gz_ogre_next_vendor:/opt/ros/jazzy/opt/gz_dartsim_vendor:/opt/ros/jazzy/opt/gz_cmake_vendor:/home/jesvin/robot_pick_place_project/ros2_ws/install/robot_pick_place_bringup:/home/jesvin/ws_moveit/install/moveit_configs_utils:/opt/ros/jazzy DEBUGINFOD_URLS=https://debuginfod.ubuntu.com /usr/bin/cmake /home/jesvin/robot_pick_place_project/ros2_ws/Universal_Robots_ROS2_GZ_Simulation/ur_simulation_gz -DCMAKE_INSTALL_PREFIX=/home/jesvin/robot_pick_place_project/ros2_ws/install/ur_simulation_gz
[9.821s] DEBUG:colcon.colcon_core.event_handler.log_command:Invoked command in '/home/jesvin/robot_pick_place_project/ros2_ws/build/ur_simulation_gz' returned '0': CMAKE_PREFIX_PATH=/home/jesvin/robot_pick_place_project/ros2_ws/install/ur_description:/home/jesvin/robot_pick_place_project/ros2_ws/install/ur_simulation_gz:/home/jesvin/robot_pick_place_project/ros2_ws/install/robot_pick_place_description:/home/jesvin/ws_moveit/install/robotiq_hardware_tests:/home/jesvin/ws_moveit/install/robotiq_driver:/home/jesvin/ws_moveit/install/serial:/home/jesvin/ws_moveit/install/moveit2_tutorials:/home/jesvin/ws_moveit/install/moveit_visual_tools:/home/jesvin/ws_moveit/install/rviz_visual_tools:/home/jesvin/ws_moveit/install/moveit_task_constructor_demo:/home/jesvin/ws_moveit/install/moveit_task_constructor_visualization:/home/jesvin/ws_moveit/install/moveit_task_constructor_capabilities:/home/jesvin/ws_moveit/install/moveit_task_constructor_core:/home/jesvin/ws_moveit/install/rviz_marker_tools:/home/jesvin/ws_moveit/install/kortex_bringup:/home/jesvin/ws_moveit/install/kinova_gen3_lite_moveit_config:/home/jesvin/ws_moveit/install/kinova_gen3_7dof_robotiq_2f_85_moveit_config:/home/jesvin/ws_moveit/install/kinova_gen3_6dof_robotiq_2f_85_moveit_config:/home/jesvin/ws_moveit/install/kortex_description:/home/jesvin/ws_moveit/install/robotiq_description:/home/jesvin/ws_moveit/install/robotiq_controllers:/home/jesvin/ws_moveit/install/pilz_industrial_motion_planner_testutils:/home/jesvin/ws_moveit/install/moveit_runtime:/home/jesvin/ws_moveit/install/moveit:/home/jesvin/ws_moveit/install/moveit_planners:/home/jesvin/ws_moveit/install/pilz_industrial_motion_planner:/home/jesvin/ws_moveit/install/moveit_task_constructor_msgs:/home/jesvin/ws_moveit/install/moveit_ros_control_interface:/home/jesvin/ws_moveit/install/moveit_plugins:/home/jesvin/ws_moveit/install/moveit_simple_controller_manager:/home/jesvin/ws_moveit/install/moveit_setup_assistant:/home/jesvin/ws_moveit/install/moveit_setup_srdf_plugins:/home/jesvin/ws_moveit/install/moveit_setup_core_plugins:/home/jesvin/ws_moveit/install/moveit_setup_controllers:/home/jesvin/ws_moveit/install/moveit_setup_app_plugins:/home/jesvin/ws_moveit/install/moveit_setup_framework:/home/jesvin/ws_moveit/install/moveit_servo:/home/jesvin/ws_moveit/install/moveit_ros_trajectory_cache:/home/jesvin/ws_moveit/install/moveit_ros:/home/jesvin/ws_moveit/install/moveit_ros_visualization:/home/jesvin/ws_moveit/install/moveit_py:/home/jesvin/ws_moveit/install/moveit_hybrid_planning:/home/jesvin/ws_moveit/install/moveit_ros_planning_interface:/home/jesvin/ws_moveit/install/moveit_ros_benchmarks:/home/jesvin/ws_moveit/install/moveit_ros_warehouse:/home/jesvin/ws_moveit/install/moveit_ros_robot_interaction:/home/jesvin/ws_moveit/install/moveit_ros_perception:/home/jesvin/ws_moveit/install/moveit_resources_prbt_pg70_support:/home/jesvin/ws_moveit/install/moveit_resources_prbt_moveit_config:/home/jesvin/ws_moveit/install/moveit_ros_move_group:/home/jesvin/ws_moveit/install/moveit_planners_ompl:/home/jesvin/ws_moveit/install/moveit_kinematics:/home/jesvin/ws_moveit/install/moveit_ros_planning:/home/jesvin/ws_moveit/install/moveit_ros_occupancy_map_monitor:/home/jesvin/ws_moveit/install/moveit_resources_prbt_support:/home/jesvin/ws_moveit/install/moveit_resources_prbt_ikfast_manipulator_plugin:/home/jesvin/ws_moveit/install/moveit_resources:/home/jesvin/ws_moveit/install/moveit_resources_pr2_description:/home/jesvin/ws_moveit/install/moveit_resources_panda_moveit_config:/home/jesvin/ws_moveit/install/dual_arm_panda_moveit_config:/home/jesvin/ws_moveit/install/moveit_resources_panda_description:/home/jesvin/ws_moveit/install/moveit_resources_fanuc_moveit_config:/home/jesvin/ws_moveit/install/moveit_resources_fanuc_description:/home/jesvin/ws_moveit/install/moveit_planners_stomp:/home/jesvin/ws_moveit/install/moveit_planners_chomp:/home/jesvin/ws_moveit/install/chomp_motion_planner:/home/jesvin/ws_moveit/install/moveit_core:/home/jesvin/ws_moveit/install/moveit_msgs:/home/jesvin/ws_moveit/install/moveit_common:/home/jesvin/ws_moveit/install/kortex_driver:/home/jesvin/ws_moveit/install/kortex_api:/opt/ros/jazzy/opt/gz_sim_vendor:/opt/ros/jazzy/opt/gz_sensors_vendor:/opt/ros/jazzy/opt/gz_physics_vendor:/opt/ros/jazzy/opt/sdformat_vendor:/opt/ros/jazzy/opt/gz_gui_vendor:/opt/ros/jazzy/opt/gz_transport_vendor:/opt/ros/jazzy/opt/gz_rendering_vendor:/opt/ros/jazzy/opt/gz_plugin_vendor:/opt/ros/jazzy/opt/gz_fuel_tools_vendor:/opt/ros/jazzy/opt/gz_msgs_vendor:/opt/ros/jazzy/opt/gz_common_vendor:/opt/ros/jazzy/opt/gz_math_vendor:/opt/ros/jazzy/opt/gz_utils_vendor:/opt/ros/jazzy/opt/gz_tools_vendor:/opt/ros/jazzy/opt/gz_ogre_next_vendor:/opt/ros/jazzy/opt/gz_dartsim_vendor:/opt/ros/jazzy/opt/gz_cmake_vendor:/home/jesvin/robot_pick_place_project/ros2_ws/install/robot_pick_place_bringup:/home/jesvin/ws_moveit/install/moveit_configs_utils:/opt/ros/jazzy DEBUGINFOD_URLS=https://debuginfod.ubuntu.com /usr/bin/cmake /home/jesvin/robot_pick_place_project/ros2_ws/Universal_Robots_ROS2_GZ_Simulation/ur_simulation_gz -DCMAKE_INSTALL_PREFIX=/home/jesvin/robot_pick_place_project/ros2_ws/install/ur_simulation_gz
[9.822s] DEBUG:colcon.colcon_core.event_handler.log_command:Invoking command in '/home/jesvin/robot_pick_place_project/ros2_ws/build/ur_simulation_gz': CMAKE_PREFIX_PATH=/home/jesvin/robot_pick_place_project/ros2_ws/install/ur_description:/home/jesvin/robot_pick_place_project/ros2_ws/install/ur_simulation_gz:/home/jesvin/robot_pick_place_project/ros2_ws/install/robot_pick_place_description:/home/jesvin/ws_moveit/install/robotiq_hardware_tests:/home/jesvin/ws_moveit/install/robotiq_driver:/home/jesvin/ws_moveit/install/serial:/home/jesvin/ws_moveit/install/moveit2_tutorials:/home/jesvin/ws_moveit/install/moveit_visual_tools:/home/jesvin/ws_moveit/install/rviz_visual_tools:/home/jesvin/ws_moveit/install/moveit_task_constructor_demo:/home/jesvin/ws_moveit/install/moveit_task_constructor_visualization:/home/jesvin/ws_moveit/install/moveit_task_constructor_capabilities:/home/jesvin/ws_moveit/install/moveit_task_constructor_core:/home/jesvin/ws_moveit/install/rviz_marker_tools:/home/jesvin/ws_moveit/install/kortex_bringup:/home/jesvin/ws_moveit/install/kinova_gen3_lite_moveit_config:/home/jesvin/ws_moveit/install/kinova_gen3_7dof_robotiq_2f_85_moveit_config:/home/jesvin/ws_moveit/install/kinova_gen3_6dof_robotiq_2f_85_moveit_config:/home/jesvin/ws_moveit/install/kortex_description:/home/jesvin/ws_moveit/install/robotiq_description:/home/jesvin/ws_moveit/install/robotiq_controllers:/home/jesvin/ws_moveit/install/pilz_industrial_motion_planner_testutils:/home/jesvin/ws_moveit/install/moveit_runtime:/home/jesvin/ws_moveit/install/moveit:/home/jesvin/ws_moveit/install/moveit_planners:/home/jesvin/ws_moveit/install/pilz_industrial_motion_planner:/home/jesvin/ws_moveit/install/moveit_task_constructor_msgs:/home/jesvin/ws_moveit/install/moveit_ros_control_interface:/home/jesvin/ws_moveit/install/moveit_plugins:/home/jesvin/ws_moveit/install/moveit_simple_controller_manager:/home/jesvin/ws_moveit/install/moveit_setup_assistant:/home/jesvin/ws_moveit/install/moveit_setup_srdf_plugins:/home/jesvin/ws_moveit/install/moveit_setup_core_plugins:/home/jesvin/ws_moveit/install/moveit_setup_controllers:/home/jesvin/ws_moveit/install/moveit_setup_app_plugins:/home/jesvin/ws_moveit/install/moveit_setup_framework:/home/jesvin/ws_moveit/install/moveit_servo:/home/jesvin/ws_moveit/install/moveit_ros_trajectory_cache:/home/jesvin/ws_moveit/install/moveit_ros:/home/jesvin/ws_moveit/install/moveit_ros_visualization:/home/jesvin/ws_moveit/install/moveit_py:/home/jesvin/ws_moveit/install/moveit_hybrid_planning:/home/jesvin/ws_moveit/install/moveit_ros_planning_interface:/home/jesvin/ws_moveit/install/moveit_ros_benchmarks:/home/jesvin/ws_moveit/install/moveit_ros_warehouse:/home/jesvin/ws_moveit/install/moveit_ros_robot_interaction:/home/jesvin/ws_moveit/install/moveit_ros_perception:/home/jesvin/ws_moveit/install/moveit_resources_prbt_pg70_support:/home/jesvin/ws_moveit/install/moveit_resources_prbt_moveit_config:/home/jesvin/ws_moveit/install/moveit_ros_move_group:/home/jesvin/ws_moveit/install/moveit_planners_ompl:/home/jesvin/ws_moveit/install/moveit_kinematics:/home/jesvin/ws_moveit/install/moveit_ros_planning:/home/jesvin/ws_moveit/install/moveit_ros_occupancy_map_monitor:/home/jesvin/ws_moveit/install/moveit_resources_prbt_support:/home/jesvin/ws_moveit/install/moveit_resources_prbt_ikfast_manipulator_plugin:/home/jesvin/ws_moveit/install/moveit_resources:/home/jesvin/ws_moveit/install/moveit_resources_pr2_description:/home/jesvin/ws_moveit/install/moveit_resources_panda_moveit_config:/home/jesvin/ws_moveit/install/dual_arm_panda_moveit_config:/home/jesvin/ws_moveit/install/moveit_resources_panda_description:/home/jesvin/ws_moveit/install/moveit_resources_fanuc_moveit_config:/home/jesvin/ws_moveit/install/moveit_resources_fanuc_description:/home/jesvin/ws_moveit/install/moveit_planners_stomp:/home/jesvin/ws_moveit/install/moveit_planners_chomp:/home/jesvin/ws_moveit/install/chomp_motion_planner:/home/jesvin/ws_moveit/install/moveit_core:/home/jesvin/ws_moveit/install/moveit_msgs:/home/jesvin/ws_moveit/install/moveit_common:/home/jesvin/ws_moveit/install/kortex_driver:/home/jesvin/ws_moveit/install/kortex_api:/opt/ros/jazzy/opt/gz_sim_vendor:/opt/ros/jazzy/opt/gz_sensors_vendor:/opt/ros/jazzy/opt/gz_physics_vendor:/opt/ros/jazzy/opt/sdformat_vendor:/opt/ros/jazzy/opt/gz_gui_vendor:/opt/ros/jazzy/opt/gz_transport_vendor:/opt/ros/jazzy/opt/gz_rendering_vendor:/opt/ros/jazzy/opt/gz_plugin_vendor:/opt/ros/jazzy/opt/gz_fuel_tools_vendor:/opt/ros/jazzy/opt/gz_msgs_vendor:/opt/ros/jazzy/opt/gz_common_vendor:/opt/ros/jazzy/opt/gz_math_vendor:/opt/ros/jazzy/opt/gz_utils_vendor:/opt/ros/jazzy/opt/gz_tools_vendor:/opt/ros/jazzy/opt/gz_ogre_next_vendor:/opt/ros/jazzy/opt/gz_dartsim_vendor:/opt/ros/jazzy/opt/gz_cmake_vendor:/home/jesvin/robot_pick_place_project/ros2_ws/install/robot_pick_place_bringup:/home/jesvin/ws_moveit/install/moveit_configs_utils:/opt/ros/jazzy DEBUGINFOD_URLS=https://debuginfod.ubuntu.com /usr/bin/cmake --build /home/jesvin/robot_pick_place_project/ros2_ws/build/ur_simulation_gz -- -j8 -l8
[9.874s] DEBUG:colcon.colcon_core.event_handler.log_command:Invoked command in '/home/jesvin/robot_pick_place_project/ros2_ws/build/ur_simulation_gz' returned '0': CMAKE_PREFIX_PATH=/home/jesvin/robot_pick_place_project/ros2_ws/install/ur_description:/home/jesvin/robot_pick_place_project/ros2_ws/install/ur_simulation_gz:/home/jesvin/robot_pick_place_project/ros2_ws/install/robot_pick_place_description:/home/jesvin/ws_moveit/install/robotiq_hardware_tests:/home/jesvin/ws_moveit/install/robotiq_driver:/home/jesvin/ws_moveit/install/serial:/home/jesvin/ws_moveit/install/moveit2_tutorials:/home/jesvin/ws_moveit/install/moveit_visual_tools:/home/jesvin/ws_moveit/install/rviz_visual_tools:/home/jesvin/ws_moveit/install/moveit_task_constructor_demo:/home/jesvin/ws_moveit/install/moveit_task_constructor_visualization:/home/jesvin/ws_moveit/install/moveit_task_constructor_capabilities:/home/jesvin/ws_moveit/install/moveit_task_constructor_core:/home/jesvin/ws_moveit/install/rviz_marker_tools:/home/jesvin/ws_moveit/install/kortex_bringup:/home/jesvin/ws_moveit/install/kinova_gen3_lite_moveit_config:/home/jesvin/ws_moveit/install/kinova_gen3_7dof_robotiq_2f_85_moveit_config:/home/jesvin/ws_moveit/install/kinova_gen3_6dof_robotiq_2f_85_moveit_config:/home/jesvin/ws_moveit/install/kortex_description:/home/jesvin/ws_moveit/install/robotiq_description:/home/jesvin/ws_moveit/install/robotiq_controllers:/home/jesvin/ws_moveit/install/pilz_industrial_motion_planner_testutils:/home/jesvin/ws_moveit/install/moveit_runtime:/home/jesvin/ws_moveit/install/moveit:/home/jesvin/ws_moveit/install/moveit_planners:/home/jesvin/ws_moveit/install/pilz_industrial_motion_planner:/home/jesvin/ws_moveit/install/moveit_task_constructor_msgs:/home/jesvin/ws_moveit/install/moveit_ros_control_interface:/home/jesvin/ws_moveit/install/moveit_plugins:/home/jesvin/ws_moveit/install/moveit_simple_controller_manager:/home/jesvin/ws_moveit/install/moveit_setup_assistant:/home/jesvin/ws_moveit/install/moveit_setup_srdf_plugins:/home/jesvin/ws_moveit/install/moveit_setup_core_plugins:/home/jesvin/ws_moveit/install/moveit_setup_controllers:/home/jesvin/ws_moveit/install/moveit_setup_app_plugins:/home/jesvin/ws_moveit/install/moveit_setup_framework:/home/jesvin/ws_moveit/install/moveit_servo:/home/jesvin/ws_moveit/install/moveit_ros_trajectory_cache:/home/jesvin/ws_moveit/install/moveit_ros:/home/jesvin/ws_moveit/install/moveit_ros_visualization:/home/jesvin/ws_moveit/install/moveit_py:/home/jesvin/ws_moveit/install/moveit_hybrid_planning:/home/jesvin/ws_moveit/install/moveit_ros_planning_interface:/home/jesvin/ws_moveit/install/moveit_ros_benchmarks:/home/jesvin/ws_moveit/install/moveit_ros_warehouse:/home/jesvin/ws_moveit/install/moveit_ros_robot_interaction:/home/jesvin/ws_moveit/install/moveit_ros_perception:/home/jesvin/ws_moveit/install/moveit_resources_prbt_pg70_support:/home/jesvin/ws_moveit/install/moveit_resources_prbt_moveit_config:/home/jesvin/ws_moveit/install/moveit_ros_move_group:/home/jesvin/ws_moveit/install/moveit_planners_ompl:/home/jesvin/ws_moveit/install/moveit_kinematics:/home/jesvin/ws_moveit/install/moveit_ros_planning:/home/jesvin/ws_moveit/install/moveit_ros_occupancy_map_monitor:/home/jesvin/ws_moveit/install/moveit_resources_prbt_support:/home/jesvin/ws_moveit/install/moveit_resources_prbt_ikfast_manipulator_plugin:/home/jesvin/ws_moveit/install/moveit_resources:/home/jesvin/ws_moveit/install/moveit_resources_pr2_description:/home/jesvin/ws_moveit/install/moveit_resources_panda_moveit_config:/home/jesvin/ws_moveit/install/dual_arm_panda_moveit_config:/home/jesvin/ws_moveit/install/moveit_resources_panda_description:/home/jesvin/ws_moveit/install/moveit_resources_fanuc_moveit_config:/home/jesvin/ws_moveit/install/moveit_resources_fanuc_description:/home/jesvin/ws_moveit/install/moveit_planners_stomp:/home/jesvin/ws_moveit/install/moveit_planners_chomp:/home/jesvin/ws_moveit/install/chomp_motion_planner:/home/jesvin/ws_moveit/install/moveit_core:/home/jesvin/ws_moveit/install/moveit_msgs:/home/jesvin/ws_moveit/install/moveit_common:/home/jesvin/ws_moveit/install/kortex_driver:/home/jesvin/ws_moveit/install/kortex_api:/opt/ros/jazzy/opt/gz_sim_vendor:/opt/ros/jazzy/opt/gz_sensors_vendor:/opt/ros/jazzy/opt/gz_physics_vendor:/opt/ros/jazzy/opt/sdformat_vendor:/opt/ros/jazzy/opt/gz_gui_vendor:/opt/ros/jazzy/opt/gz_transport_vendor:/opt/ros/jazzy/opt/gz_rendering_vendor:/opt/ros/jazzy/opt/gz_plugin_vendor:/opt/ros/jazzy/opt/gz_fuel_tools_vendor:/opt/ros/jazzy/opt/gz_msgs_vendor:/opt/ros/jazzy/opt/gz_common_vendor:/opt/ros/jazzy/opt/gz_math_vendor:/opt/ros/jazzy/opt/gz_utils_vendor:/opt/ros/jazzy/opt/gz_tools_vendor:/opt/ros/jazzy/opt/gz_ogre_next_vendor:/opt/ros/jazzy/opt/gz_dartsim_vendor:/opt/ros/jazzy/opt/gz_cmake_vendor:/home/jesvin/robot_pick_place_project/ros2_ws/install/robot_pick_place_bringup:/home/jesvin/ws_moveit/install/moveit_configs_utils:/opt/ros/jazzy DEBUGINFOD_URLS=https://debuginfod.ubuntu.com /usr/bin/cmake --build /home/jesvin/robot_pick_place_project/ros2_ws/build/ur_simulation_gz -- -j8 -l8
[9.875s] DEBUG:colcon.colcon_core.event_handler.log_command:Invoking command in '/home/jesvin/robot_pick_place_project/ros2_ws/build/ur_simulation_gz': CMAKE_PREFIX_PATH=/home/jesvin/robot_pick_place_project/ros2_ws/install/ur_description:/home/jesvin/robot_pick_place_project/ros2_ws/install/ur_simulation_gz:/home/jesvin/robot_pick_place_project/ros2_ws/install/robot_pick_place_description:/home/jesvin/ws_moveit/install/robotiq_hardware_tests:/home/jesvin/ws_moveit/install/robotiq_driver:/home/jesvin/ws_moveit/install/serial:/home/jesvin/ws_moveit/install/moveit2_tutorials:/home/jesvin/ws_moveit/install/moveit_visual_tools:/home/jesvin/ws_moveit/install/rviz_visual_tools:/home/jesvin/ws_moveit/install/moveit_task_constructor_demo:/home/jesvin/ws_moveit/install/moveit_task_constructor_visualization:/home/jesvin/ws_moveit/install/moveit_task_constructor_capabilities:/home/jesvin/ws_moveit/install/moveit_task_constructor_core:/home/jesvin/ws_moveit/install/rviz_marker_tools:/home/jesvin/ws_moveit/install/kortex_bringup:/home/jesvin/ws_moveit/install/kinova_gen3_lite_moveit_config:/home/jesvin/ws_moveit/install/kinova_gen3_7dof_robotiq_2f_85_moveit_config:/home/jesvin/ws_moveit/install/kinova_gen3_6dof_robotiq_2f_85_moveit_config:/home/jesvin/ws_moveit/install/kortex_description:/home/jesvin/ws_moveit/install/robotiq_description:/home/jesvin/ws_moveit/install/robotiq_controllers:/home/jesvin/ws_moveit/install/pilz_industrial_motion_planner_testutils:/home/jesvin/ws_moveit/install/moveit_runtime:/home/jesvin/ws_moveit/install/moveit:/home/jesvin/ws_moveit/install/moveit_planners:/home/jesvin/ws_moveit/install/pilz_industrial_motion_planner:/home/jesvin/ws_moveit/install/moveit_task_constructor_msgs:/home/jesvin/ws_moveit/install/moveit_ros_control_interface:/home/jesvin/ws_moveit/install/moveit_plugins:/home/jesvin/ws_moveit/install/moveit_simple_controller_manager:/home/jesvin/ws_moveit/install/moveit_setup_assistant:/home/jesvin/ws_moveit/install/moveit_setup_srdf_plugins:/home/jesvin/ws_moveit/install/moveit_setup_core_plugins:/home/jesvin/ws_moveit/install/moveit_setup_controllers:/home/jesvin/ws_moveit/install/moveit_setup_app_plugins:/home/jesvin/ws_moveit/install/moveit_setup_framework:/home/jesvin/ws_moveit/install/moveit_servo:/home/jesvin/ws_moveit/install/moveit_ros_trajectory_cache:/home/jesvin/ws_moveit/install/moveit_ros:/home/jesvin/ws_moveit/install/moveit_ros_visualization:/home/jesvin/ws_moveit/install/moveit_py:/home/jesvin/ws_moveit/install/moveit_hybrid_planning:/home/jesvin/ws_moveit/install/moveit_ros_planning_interface:/home/jesvin/ws_moveit/install/moveit_ros_benchmarks:/home/jesvin/ws_moveit/install/moveit_ros_warehouse:/home/jesvin/ws_moveit/install/moveit_ros_robot_interaction:/home/jesvin/ws_moveit/install/moveit_ros_perception:/home/jesvin/ws_moveit/install/moveit_resources_prbt_pg70_support:/home/jesvin/ws_moveit/install/moveit_resources_prbt_moveit_config:/home/jesvin/ws_moveit/install/moveit_ros_move_group:/home/jesvin/ws_moveit/install/moveit_planners_ompl:/home/jesvin/ws_moveit/install/moveit_kinematics:/home/jesvin/ws_moveit/install/moveit_ros_planning:/home/jesvin/ws_moveit/install/moveit_ros_occupancy_map_monitor:/home/jesvin/ws_moveit/install/moveit_resources_prbt_support:/home/jesvin/ws_moveit/install/moveit_resources_prbt_ikfast_manipulator_plugin:/home/jesvin/ws_moveit/install/moveit_resources:/home/jesvin/ws_moveit/install/moveit_resources_pr2_description:/home/jesvin/ws_moveit/install/moveit_resources_panda_moveit_config:/home/jesvin/ws_moveit/install/dual_arm_panda_moveit_config:/home/jesvin/ws_moveit/install/moveit_resources_panda_description:/home/jesvin/ws_moveit/install/moveit_resources_fanuc_moveit_config:/home/jesvin/ws_moveit/install/moveit_resources_fanuc_description:/home/jesvin/ws_moveit/install/moveit_planners_stomp:/home/jesvin/ws_moveit/install/moveit_planners_chomp:/home/jesvin/ws_moveit/install/chomp_motion_planner:/home/jesvin/ws_moveit/install/moveit_core:/home/jesvin/ws_moveit/install/moveit_msgs:/home/jesvin/ws_moveit/install/moveit_common:/home/jesvin/ws_moveit/install/kortex_driver:/home/jesvin/ws_moveit/install/kortex_api:/opt/ros/jazzy/opt/gz_sim_vendor:/opt/ros/jazzy/opt/gz_sensors_vendor:/opt/ros/jazzy/opt/gz_physics_vendor:/opt/ros/jazzy/opt/sdformat_vendor:/opt/ros/jazzy/opt/gz_gui_vendor:/opt/ros/jazzy/opt/gz_transport_vendor:/opt/ros/jazzy/opt/gz_rendering_vendor:/opt/ros/jazzy/opt/gz_plugin_vendor:/opt/ros/jazzy/opt/gz_fuel_tools_vendor:/opt/ros/jazzy/opt/gz_msgs_vendor:/opt/ros/jazzy/opt/gz_common_vendor:/opt/ros/jazzy/opt/gz_math_vendor:/opt/ros/jazzy/opt/gz_utils_vendor:/opt/ros/jazzy/opt/gz_tools_vendor:/opt/ros/jazzy/opt/gz_ogre_next_vendor:/opt/ros/jazzy/opt/gz_dartsim_vendor:/opt/ros/jazzy/opt/gz_cmake_vendor:/home/jesvin/robot_pick_place_project/ros2_ws/install/robot_pick_place_bringup:/home/jesvin/ws_moveit/install/moveit_configs_utils:/opt/ros/jazzy DEBUGINFOD_URLS=https://debuginfod.ubuntu.com /usr/bin/cmake --install /home/jesvin/robot_pick_place_project/ros2_ws/build/ur_simulation_gz
[9.936s] Level 1:colcon.colcon_core.environment:create_environment_scripts_only(ur_simulation_gz)
[9.937s] Level 1:colcon.colcon_core.environment:checking '/home/jesvin/robot_pick_place_project/ros2_ws/install/ur_simulation_gz' for CMake module files
[9.937s] DEBUG:colcon.colcon_core.event_handler.log_command:Invoked command in '/home/jesvin/robot_pick_place_project/ros2_ws/build/ur_simulation_gz' returned '0': CMAKE_PREFIX_PATH=/home/jesvin/robot_pick_place_project/ros2_ws/install/ur_description:/home/jesvin/robot_pick_place_project/ros2_ws/install/ur_simulation_gz:/home/jesvin/robot_pick_place_project/ros2_ws/install/robot_pick_place_description:/home/jesvin/ws_moveit/install/robotiq_hardware_tests:/home/jesvin/ws_moveit/install/robotiq_driver:/home/jesvin/ws_moveit/install/serial:/home/jesvin/ws_moveit/install/moveit2_tutorials:/home/jesvin/ws_moveit/install/moveit_visual_tools:/home/jesvin/ws_moveit/install/rviz_visual_tools:/home/jesvin/ws_moveit/install/moveit_task_constructor_demo:/home/jesvin/ws_moveit/install/moveit_task_constructor_visualization:/home/jesvin/ws_moveit/install/moveit_task_constructor_capabilities:/home/jesvin/ws_moveit/install/moveit_task_constructor_core:/home/jesvin/ws_moveit/install/rviz_marker_tools:/home/jesvin/ws_moveit/install/kortex_bringup:/home/jesvin/ws_moveit/install/kinova_gen3_lite_moveit_config:/home/jesvin/ws_moveit/install/kinova_gen3_7dof_robotiq_2f_85_moveit_config:/home/jesvin/ws_moveit/install/kinova_gen3_6dof_robotiq_2f_85_moveit_config:/home/jesvin/ws_moveit/install/kortex_description:/home/jesvin/ws_moveit/install/robotiq_description:/home/jesvin/ws_moveit/install/robotiq_controllers:/home/jesvin/ws_moveit/install/pilz_industrial_motion_planner_testutils:/home/jesvin/ws_moveit/install/moveit_runtime:/home/jesvin/ws_moveit/install/moveit:/home/jesvin/ws_moveit/install/moveit_planners:/home/jesvin/ws_moveit/install/pilz_industrial_motion_planner:/home/jesvin/ws_moveit/install/moveit_task_constructor_msgs:/home/jesvin/ws_moveit/install/moveit_ros_control_interface:/home/jesvin/ws_moveit/install/moveit_plugins:/home/jesvin/ws_moveit/install/moveit_simple_controller_manager:/home/jesvin/ws_moveit/install/moveit_setup_assistant:/home/jesvin/ws_moveit/install/moveit_setup_srdf_plugins:/home/jesvin/ws_moveit/install/moveit_setup_core_plugins:/home/jesvin/ws_moveit/install/moveit_setup_controllers:/home/jesvin/ws_moveit/install/moveit_setup_app_plugins:/home/jesvin/ws_moveit/install/moveit_setup_framework:/home/jesvin/ws_moveit/install/moveit_servo:/home/jesvin/ws_moveit/install/moveit_ros_trajectory_cache:/home/jesvin/ws_moveit/install/moveit_ros:/home/jesvin/ws_moveit/install/moveit_ros_visualization:/home/jesvin/ws_moveit/install/moveit_py:/home/jesvin/ws_moveit/install/moveit_hybrid_planning:/home/jesvin/ws_moveit/install/moveit_ros_planning_interface:/home/jesvin/ws_moveit/install/moveit_ros_benchmarks:/home/jesvin/ws_moveit/install/moveit_ros_warehouse:/home/jesvin/ws_moveit/install/moveit_ros_robot_interaction:/home/jesvin/ws_moveit/install/moveit_ros_perception:/home/jesvin/ws_moveit/install/moveit_resources_prbt_pg70_support:/home/jesvin/ws_moveit/install/moveit_resources_prbt_moveit_config:/home/jesvin/ws_moveit/install/moveit_ros_move_group:/home/jesvin/ws_moveit/install/moveit_planners_ompl:/home/jesvin/ws_moveit/install/moveit_kinematics:/home/jesvin/ws_moveit/install/moveit_ros_planning:/home/jesvin/ws_moveit/install/moveit_ros_occupancy_map_monitor:/home/jesvin/ws_moveit/install/moveit_resources_prbt_support:/home/jesvin/ws_moveit/install/moveit_resources_prbt_ikfast_manipulator_plugin:/home/jesvin/ws_moveit/install/moveit_resources:/home/jesvin/ws_moveit/install/moveit_resources_pr2_description:/home/jesvin/ws_moveit/install/moveit_resources_panda_moveit_config:/home/jesvin/ws_moveit/install/dual_arm_panda_moveit_config:/home/jesvin/ws_moveit/install/moveit_resources_panda_description:/home/jesvin/ws_moveit/install/moveit_resources_fanuc_moveit_config:/home/jesvin/ws_moveit/install/moveit_resources_fanuc_description:/home/jesvin/ws_moveit/install/moveit_planners_stomp:/home/jesvin/ws_moveit/install/moveit_planners_chomp:/home/jesvin/ws_moveit/install/chomp_motion_planner:/home/jesvin/ws_moveit/install/moveit_core:/home/jesvin/ws_moveit/install/moveit_msgs:/home/jesvin/ws_moveit/install/moveit_common:/home/jesvin/ws_moveit/install/kortex_driver:/home/jesvin/ws_moveit/install/kortex_api:/opt/ros/jazzy/opt/gz_sim_vendor:/opt/ros/jazzy/opt/gz_sensors_vendor:/opt/ros/jazzy/opt/gz_physics_vendor:/opt/ros/jazzy/opt/sdformat_vendor:/opt/ros/jazzy/opt/gz_gui_vendor:/opt/ros/jazzy/opt/gz_transport_vendor:/opt/ros/jazzy/opt/gz_rendering_vendor:/opt/ros/jazzy/opt/gz_plugin_vendor:/opt/ros/jazzy/opt/gz_fuel_tools_vendor:/opt/ros/jazzy/opt/gz_msgs_vendor:/opt/ros/jazzy/opt/gz_common_vendor:/opt/ros/jazzy/opt/gz_math_vendor:/opt/ros/jazzy/opt/gz_utils_vendor:/opt/ros/jazzy/opt/gz_tools_vendor:/opt/ros/jazzy/opt/gz_ogre_next_vendor:/opt/ros/jazzy/opt/gz_dartsim_vendor:/opt/ros/jazzy/opt/gz_cmake_vendor:/home/jesvin/robot_pick_place_project/ros2_ws/install/robot_pick_place_bringup:/home/jesvin/ws_moveit/install/moveit_configs_utils:/opt/ros/jazzy DEBUGINFOD_URLS=https://debuginfod.ubuntu.com /usr/bin/cmake --install /home/jesvin/robot_pick_place_project/ros2_ws/build/ur_simulation_gz
[9.938s] Level 1:colcon.colcon_core.environment:checking '/home/jesvin/robot_pick_place_project/ros2_ws/install/ur_simulation_gz' for CMake config files
[9.938s] Level 1:colcon.colcon_core.shell:create_environment_hook('ur_simulation_gz', 'cmake_prefix_path')
[9.939s] INFO:colcon.colcon_core.shell:Creating environment hook '/home/jesvin/robot_pick_place_project/ros2_ws/install/ur_simulation_gz/share/ur_simulation_gz/hook/cmake_prefix_path.ps1'
[9.939s] INFO:colcon.colcon_core.shell:Creating environment descriptor '/home/jesvin/robot_pick_place_project/ros2_ws/install/ur_simulation_gz/share/ur_simulation_gz/hook/cmake_prefix_path.dsv'
[9.939s] INFO:colcon.colcon_core.shell:Creating environment hook '/home/jesvin/robot_pick_place_project/ros2_ws/install/ur_simulation_gz/share/ur_simulation_gz/hook/cmake_prefix_path.sh'
[9.940s] Level 1:colcon.colcon_core.environment:checking '/home/jesvin/robot_pick_place_project/ros2_ws/install/ur_simulation_gz/bin'
[9.940s] Level 1:colcon.colcon_core.environment:checking '/home/jesvin/robot_pick_place_project/ros2_ws/install/ur_simulation_gz/lib/pkgconfig/ur_simulation_gz.pc'
[9.940s] Level 1:colcon.colcon_core.environment:checking '/home/jesvin/robot_pick_place_project/ros2_ws/install/ur_simulation_gz/lib/python3.12/site-packages'
[9.940s] Level 1:colcon.colcon_core.environment:checking '/home/jesvin/robot_pick_place_project/ros2_ws/install/ur_simulation_gz/bin'
[9.941s] INFO:colcon.colcon_core.shell:Creating package script '/home/jesvin/robot_pick_place_project/ros2_ws/install/ur_simulation_gz/share/ur_simulation_gz/package.ps1'
[9.941s] INFO:colcon.colcon_core.shell:Creating package descriptor '/home/jesvin/robot_pick_place_project/ros2_ws/install/ur_simulation_gz/share/ur_simulation_gz/package.dsv'
[9.941s] INFO:colcon.colcon_core.shell:Creating package script '/home/jesvin/robot_pick_place_project/ros2_ws/install/ur_simulation_gz/share/ur_simulation_gz/package.sh'
[9.942s] INFO:colcon.colcon_core.shell:Creating package script '/home/jesvin/robot_pick_place_project/ros2_ws/install/ur_simulation_gz/share/ur_simulation_gz/package.bash'
[9.942s] INFO:colcon.colcon_core.shell:Creating package script '/home/jesvin/robot_pick_place_project/ros2_ws/install/ur_simulation_gz/share/ur_simulation_gz/package.zsh'
[9.942s] Level 1:colcon.colcon_core.environment:create_file_with_runtime_dependencies(/home/jesvin/robot_pick_place_project/ros2_ws/install/ur_simulation_gz/share/colcon-core/packages/ur_simulation_gz)
[9.943s] Level 1:colcon.colcon_core.environment:create_environment_scripts_only(ur_simulation_gz)
[9.943s] Level 1:colcon.colcon_core.environment:checking '/home/jesvin/robot_pick_place_project/ros2_ws/install/ur_simulation_gz' for CMake module files
[9.943s] Level 1:colcon.colcon_core.environment:checking '/home/jesvin/robot_pick_place_project/ros2_ws/install/ur_simulation_gz' for CMake config files
[9.944s] Level 1:colcon.colcon_core.shell:create_environment_hook('ur_simulation_gz', 'cmake_prefix_path')
[9.944s] INFO:colcon.colcon_core.shell:Creating environment hook '/home/jesvin/robot_pick_place_project/ros2_ws/install/ur_simulation_gz/share/ur_simulation_gz/hook/cmake_prefix_path.ps1'
[9.944s] INFO:colcon.colcon_core.shell:Creating environment descriptor '/home/jesvin/robot_pick_place_project/ros2_ws/install/ur_simulation_gz/share/ur_simulation_gz/hook/cmake_prefix_path.dsv'
[9.945s] INFO:colcon.colcon_core.shell:Creating environment hook '/home/jesvin/robot_pick_place_project/ros2_ws/install/ur_simulation_gz/share/ur_simulation_gz/hook/cmake_prefix_path.sh'
[9.945s] Level 1:colcon.colcon_core.environment:checking '/home/jesvin/robot_pick_place_project/ros2_ws/install/ur_simulation_gz/bin'
[9.945s] Level 1:colcon.colcon_core.environment:checking '/home/jesvin/robot_pick_place_project/ros2_ws/install/ur_simulation_gz/lib/pkgconfig/ur_simulation_gz.pc'
[9.946s] Level 1:colcon.colcon_core.environment:checking '/home/jesvin/robot_pick_place_project/ros2_ws/install/ur_simulation_gz/lib/python3.12/site-packages'
[9.946s] Level 1:colcon.colcon_core.environment:checking '/home/jesvin/robot_pick_place_project/ros2_ws/install/ur_simulation_gz/bin'
[9.946s] INFO:colcon.colcon_core.shell:Creating package script '/home/jesvin/robot_pick_place_project/ros2_ws/install/ur_simulation_gz/share/ur_simulation_gz/package.ps1'
[9.947s] INFO:colcon.colcon_core.shell:Creating package descriptor '/home/jesvin/robot_pick_place_project/ros2_ws/install/ur_simulation_gz/share/ur_simulation_gz/package.dsv'
[9.948s] INFO:colcon.colcon_core.shell:Creating package script '/home/jesvin/robot_pick_place_project/ros2_ws/install/ur_simulation_gz/share/ur_simulation_gz/package.sh'
[9.948s] INFO:colcon.colcon_core.shell:Creating package script '/home/jesvin/robot_pick_place_project/ros2_ws/install/ur_simulation_gz/share/ur_simulation_gz/package.bash'
[9.948s] INFO:colcon.colcon_core.shell:Creating package script '/home/jesvin/robot_pick_place_project/ros2_ws/install/ur_simulation_gz/share/ur_simulation_gz/package.zsh'
[9.949s] Level 1:colcon.colcon_core.environment:create_file_with_runtime_dependencies(/home/jesvin/robot_pick_place_project/ros2_ws/install/ur_simulation_gz/share/colcon-core/packages/ur_simulation_gz)
[9.949s] INFO:colcon.colcon_ros.task.ament_python.build:Building ROS package in '/home/jesvin/robot_pick_place_project/ros2_ws/src/robot_pick_place_bringup' with build type 'ament_python'
[9.949s] Level 1:colcon.colcon_core.shell:create_environment_hook('robot_pick_place_bringup', 'ament_prefix_path')
[9.950s] INFO:colcon.colcon_core.shell:Creating environment hook '/home/jesvin/robot_pick_place_project/ros2_ws/install/robot_pick_place_bringup/share/robot_pick_place_bringup/hook/ament_prefix_path.ps1'
[9.950s] INFO:colcon.colcon_core.shell:Creating environment descriptor '/home/jesvin/robot_pick_place_project/ros2_ws/install/robot_pick_place_bringup/share/robot_pick_place_bringup/hook/ament_prefix_path.dsv'
[9.951s] INFO:colcon.colcon_core.shell:Creating environment hook '/home/jesvin/robot_pick_place_project/ros2_ws/install/robot_pick_place_bringup/share/robot_pick_place_bringup/hook/ament_prefix_path.sh'
[9.951s] INFO:colcon.colcon_core.shell:Skip shell extension 'powershell' for command environment: Not usable outside of PowerShell
[9.951s] DEBUG:colcon.colcon_core.shell:Skip shell extension 'dsv' for command environment
[10.245s] INFO:colcon.colcon_core.task.python.build:Building Python package in '/home/jesvin/robot_pick_place_project/ros2_ws/src/robot_pick_place_bringup'
[10.245s] INFO:colcon.colcon_core.shell:Skip shell extension 'powershell' for command environment: Not usable outside of PowerShell
[10.245s] DEBUG:colcon.colcon_core.shell:Skip shell extension 'dsv' for command environment
[14.753s] DEBUG:colcon.colcon_core.event_handler.log_command:Invoking command in '/home/jesvin/robot_pick_place_project/ros2_ws/src/robot_pick_place_bringup': DEBUGINFOD_URLS=https://debuginfod.ubuntu.com PYTHONPATH=/home/jesvin/robot_pick_place_project/ros2_ws/build/robot_pick_place_bringup/prefix_override:/usr/lib/python3/dist-packages/colcon_core/task/python/colcon_distutils_commands:/home/jesvin/robot_pick_place_project/ros2_ws/install/robot_pick_place_bringup/lib/python3.12/site-packages:${PYTHONPATH} /usr/bin/python3 -W ignore:setup.py install is deprecated -W ignore:easy_install command is deprecated setup.py egg_info --egg-base ../../build/robot_pick_place_bringup build --build-base /home/jesvin/robot_pick_place_project/ros2_ws/build/robot_pick_place_bringup/build install --record /home/jesvin/robot_pick_place_project/ros2_ws/build/robot_pick_place_bringup/install.log --single-version-externally-managed install_data
[15.514s] Level 1:colcon.colcon_core.environment:checking '/home/jesvin/robot_pick_place_project/ros2_ws/install/robot_pick_place_bringup' for CMake module files
[15.515s] DEBUG:colcon.colcon_core.event_handler.log_command:Invoked command in '/home/jesvin/robot_pick_place_project/ros2_ws/src/robot_pick_place_bringup' returned '0': DEBUGINFOD_URLS=https://debuginfod.ubuntu.com PYTHONPATH=/home/jesvin/robot_pick_place_project/ros2_ws/build/robot_pick_place_bringup/prefix_override:/usr/lib/python3/dist-packages/colcon_core/task/python/colcon_distutils_commands:/home/jesvin/robot_pick_place_project/ros2_ws/install/robot_pick_place_bringup/lib/python3.12/site-packages:${PYTHONPATH} /usr/bin/python3 -W ignore:setup.py install is deprecated -W ignore:easy_install command is deprecated setup.py egg_info --egg-base ../../build/robot_pick_place_bringup build --build-base /home/jesvin/robot_pick_place_project/ros2_ws/build/robot_pick_place_bringup/build install --record /home/jesvin/robot_pick_place_project/ros2_ws/build/robot_pick_place_bringup/install.log --single-version-externally-managed install_data
[15.515s] Level 1:colcon.colcon_core.environment:checking '/home/jesvin/robot_pick_place_project/ros2_ws/install/robot_pick_place_bringup' for CMake config files
[15.515s] Level 1:colcon.colcon_core.environment:checking '/home/jesvin/robot_pick_place_project/ros2_ws/install/robot_pick_place_bringup/lib'
[15.515s] Level 1:colcon.colcon_core.environment:checking '/home/jesvin/robot_pick_place_project/ros2_ws/install/robot_pick_place_bringup/bin'
[15.516s] Level 1:colcon.colcon_core.environment:checking '/home/jesvin/robot_pick_place_project/ros2_ws/install/robot_pick_place_bringup/lib/pkgconfig/robot_pick_place_bringup.pc'
[15.516s] Level 1:colcon.colcon_core.environment:checking '/home/jesvin/robot_pick_place_project/ros2_ws/install/robot_pick_place_bringup/lib/python3.12/site-packages'
[15.516s] Level 1:colcon.colcon_core.shell:create_environment_hook('robot_pick_place_bringup', 'pythonpath')
[15.516s] INFO:colcon.colcon_core.shell:Creating environment hook '/home/jesvin/robot_pick_place_project/ros2_ws/install/robot_pick_place_bringup/share/robot_pick_place_bringup/hook/pythonpath.ps1'
[15.516s] INFO:colcon.colcon_core.shell:Creating environment descriptor '/home/jesvin/robot_pick_place_project/ros2_ws/install/robot_pick_place_bringup/share/robot_pick_place_bringup/hook/pythonpath.dsv'
[15.517s] INFO:colcon.colcon_core.shell:Creating environment hook '/home/jesvin/robot_pick_place_project/ros2_ws/install/robot_pick_place_bringup/share/robot_pick_place_bringup/hook/pythonpath.sh'
[15.517s] Level 1:colcon.colcon_core.environment:checking '/home/jesvin/robot_pick_place_project/ros2_ws/install/robot_pick_place_bringup/bin'
[15.517s] Level 1:colcon.colcon_core.environment:create_environment_scripts_only(robot_pick_place_bringup)
[15.517s] INFO:colcon.colcon_core.shell:Creating package script '/home/jesvin/robot_pick_place_project/ros2_ws/install/robot_pick_place_bringup/share/robot_pick_place_bringup/package.ps1'
[15.518s] INFO:colcon.colcon_core.shell:Creating package descriptor '/home/jesvin/robot_pick_place_project/ros2_ws/install/robot_pick_place_bringup/share/robot_pick_place_bringup/package.dsv'
[15.518s] INFO:colcon.colcon_core.shell:Creating package script '/home/jesvin/robot_pick_place_project/ros2_ws/install/robot_pick_place_bringup/share/robot_pick_place_bringup/package.sh'
[15.518s] INFO:colcon.colcon_core.shell:Creating package script '/home/jesvin/robot_pick_place_project/ros2_ws/install/robot_pick_place_bringup/share/robot_pick_place_bringup/package.bash'
[15.519s] INFO:colcon.colcon_core.shell:Creating package script '/home/jesvin/robot_pick_place_project/ros2_ws/install/robot_pick_place_bringup/share/robot_pick_place_bringup/package.zsh'
[15.519s] Level 1:colcon.colcon_core.environment:create_file_with_runtime_dependencies(/home/jesvin/robot_pick_place_project/ros2_ws/install/robot_pick_place_bringup/share/colcon-core/packages/robot_pick_place_bringup)
[15.519s] DEBUG:colcon.colcon_parallel_executor.executor.parallel:closing loop
[15.519s] DEBUG:colcon.colcon_parallel_executor.executor.parallel:loop closed
[15.519s] DEBUG:colcon.colcon_parallel_executor.executor.parallel:run_until_complete finished with '0'
[15.519s] DEBUG:colcon.colcon_core.event_reactor:joining thread
[15.549s] INFO:colcon.colcon_core.plugin_system:Skipping extension 'colcon_notification.desktop_notification.terminal_notifier': Not used on non-Darwin systems
[15.549s] INFO:colcon.colcon_core.plugin_system:Skipping extension 'colcon_notification.desktop_notification.win32': Not used on non-Windows systems
[15.549s] INFO:colcon.colcon_notification.desktop_notification:Sending desktop notification using 'notify2'
[15.586s] DEBUG:colcon.colcon_core.event_reactor:joined thread
[15.586s] INFO:colcon.colcon_core.shell:Creating prefix script '/home/jesvin/robot_pick_place_project/ros2_ws/install/local_setup.ps1'
[15.598s] INFO:colcon.colcon_core.shell:Creating prefix util module '/home/jesvin/robot_pick_place_project/ros2_ws/install/_local_setup_util_ps1.py'
[15.606s] INFO:colcon.colcon_core.shell:Creating prefix chain script '/home/jesvin/robot_pick_place_project/ros2_ws/install/setup.ps1'
[15.611s] INFO:colcon.colcon_core.shell:Creating prefix script '/home/jesvin/robot_pick_place_project/ros2_ws/install/local_setup.sh'
[15.612s] INFO:colcon.colcon_core.shell:Creating prefix util module '/home/jesvin/robot_pick_place_project/ros2_ws/install/_local_setup_util_sh.py'
[15.613s] INFO:colcon.colcon_core.shell:Creating prefix chain script '/home/jesvin/robot_pick_place_project/ros2_ws/install/setup.sh'
[15.619s] INFO:colcon.colcon_core.shell:Creating prefix script '/home/jesvin/robot_pick_place_project/ros2_ws/install/local_setup.bash'
[15.619s] INFO:colcon.colcon_core.shell:Creating prefix chain script '/home/jesvin/robot_pick_place_project/ros2_ws/install/setup.bash'
[15.625s] INFO:colcon.colcon_core.shell:Creating prefix script '/home/jesvin/robot_pick_place_project/ros2_ws/install/local_setup.zsh'
[15.626s] INFO:colcon.colcon_core.shell:Creating prefix chain script '/home/jesvin/robot_pick_place_project/ros2_ws/install/setup.zsh'
